This is XeTeX, Version 3.141592653-2.6-0.999995 (MiKTeX 23.5 NEXT) (preloaded format=xelatex 2023.7.23)  24 MAY 2024 14:45
entering extended mode
 \write18 enabled.
 %&-line parsing enabled.
**./Topo.tex
(Topo.tex
LaTeX2e <2022-11-01> patch level 1
L3 programming layer <2023-06-30>
(C:\Users\athgi\AppData\Local\Programs\MiKTeX\tex/latex/base\book.cls
Document Class: book 2022/07/02 v1.4n Standard LaTeX document class
(C:\Users\athgi\AppData\Local\Programs\MiKTeX\tex/latex/base\bk11.clo
File: bk11.clo 2022/07/02 v1.4n Standard LaTeX file (size option)
)
\c@part=\count181
\c@chapter=\count182
\c@section=\count183
\c@subsection=\count184
\c@subsubsection=\count185
\c@paragraph=\count186
\c@subparagraph=\count187
\c@figure=\count188
\c@table=\count189
\abovecaptionskip=\skip48
\belowcaptionskip=\skip49
\bibindent=\dimen140
)
(C:\Users\athgi\AppData\Local\Programs\MiKTeX\tex/latex/amsfonts\amsfonts.sty
Package: amsfonts 2013/01/14 v3.01 Basic AMSFonts support
\@emptytoks=\toks16
\symAMSa=\mathgroup4
\symAMSb=\mathgroup5
LaTeX Font Info:    Redeclaring math symbol \hbar on input line 98.
LaTeX Font Info:    Overwriting math alphabet `\mathfrak' in version `bold'
(Font)                  U/euf/m/n --> U/euf/b/n on input line 106.
)
(C:\Users\athgi\AppData\Local\Programs\MiKTeX\tex/latex/amsmath\amsmath.sty
Package: amsmath 2022/04/08 v2.17n AMS math features
\@mathmargin=\skip50

For additional information on amsmath, use the `?' option.
(C:\Users\athgi\AppData\Local\Programs\MiKTeX\tex/latex/amsmath\amstext.sty
Package: amstext 2021/08/26 v2.01 AMS text

(C:\Users\athgi\AppData\Local\Programs\MiKTeX\tex/latex/amsmath\amsgen.sty
File: amsgen.sty 1999/11/30 v2.0 generic functions
\@emptytoks=\toks17
\ex@=\dimen141
))
(C:\Users\athgi\AppData\Local\Programs\MiKTeX\tex/latex/amsmath\amsbsy.sty
Package: amsbsy 1999/11/29 v1.2d Bold Symbols
\pmbraise@=\dimen142
)
(C:\Users\athgi\AppData\Local\Programs\MiKTeX\tex/latex/amsmath\amsopn.sty
Package: amsopn 2022/04/08 v2.04 operator names
)
\inf@bad=\count190
LaTeX Info: Redefining \frac on input line 234.
\uproot@=\count191
\leftroot@=\count192
LaTeX Info: Redefining \overline on input line 399.
LaTeX Info: Redefining \colon on input line 410.
\classnum@=\count193
\DOTSCASE@=\count194
LaTeX Info: Redefining \ldots on input line 496.
LaTeX Info: Redefining \dots on input line 499.
LaTeX Info: Redefining \cdots on input line 620.
\Mathstrutbox@=\box51
\strutbox@=\box52
LaTeX Info: Redefining \big on input line 722.
LaTeX Info: Redefining \Big on input line 723.
LaTeX Info: Redefining \bigg on input line 724.
LaTeX Info: Redefining \Bigg on input line 725.
\big@size=\dimen143
LaTeX Font Info:    Redeclaring font encoding OML on input line 743.
LaTeX Font Info:    Redeclaring font encoding OMS on input line 744.
\macc@depth=\count195
LaTeX Info: Redefining \bmod on input line 905.
LaTeX Info: Redefining \pmod on input line 910.
LaTeX Info: Redefining \smash on input line 940.
LaTeX Info: Redefining \relbar on input line 970.
LaTeX Info: Redefining \Relbar on input line 971.
\c@MaxMatrixCols=\count196
\dotsspace@=\muskip16
\c@parentequation=\count197
\dspbrk@lvl=\count198
\tag@help=\toks18
\row@=\count199
\column@=\count266
\maxfields@=\count267
\andhelp@=\toks19
\eqnshift@=\dimen144
\alignsep@=\dimen145
\tagshift@=\dimen146
\tagwidth@=\dimen147
\totwidth@=\dimen148
\lineht@=\dimen149
\@envbody=\toks20
\multlinegap=\skip51
\multlinetaggap=\skip52
\mathdisplay@stack=\toks21
LaTeX Info: Redefining \[ on input line 2953.
LaTeX Info: Redefining \] on input line 2954.
)
(C:\Users\athgi\AppData\Local\Programs\MiKTeX\tex/latex/amsfonts\amssymb.sty
Package: amssymb 2013/01/14 v3.01 AMS font symbols
)
(C:\Users\athgi\AppData\Local\Programs\MiKTeX\tex/latex/amscls\amsthm.sty
Package: amsthm 2020/05/29 v2.20.6
\thm@style=\toks22
\thm@bodyfont=\toks23
\thm@headfont=\toks24
\thm@notefont=\toks25
\thm@headpunct=\toks26
\thm@preskip=\skip53
\thm@postskip=\skip54
\thm@headsep=\skip55
\dth@everypar=\toks27
)
(C:\Users\athgi\AppData\Local\Programs\MiKTeX\tex/latex/tools\array.sty
Package: array 2022/09/04 v2.5g Tabular extension package (FMi)
\col@sep=\dimen150
\ar@mcellbox=\box53
\extrarowheight=\dimen151
\NC@list=\toks28
\extratabsurround=\skip56
\backup@length=\skip57
\ar@cellbox=\box54
)
(C:\Users\athgi\AppData\Local\Programs\MiKTeX\tex/latex/tools\bm.sty
Package: bm 2022/01/05 v1.2f Bold Symbol Support (DPC/FMi)
\symboldoperators=\mathgroup6
\symboldletters=\mathgroup7
\symboldsymbols=\mathgroup8
Package bm Info: No bold for \OMX/cmex/m/n, using \pmb.
Package bm Info: No bold for \U/msa/m/n, using \pmb.
Package bm Info: No bold for \U/msb/m/n, using \pmb.
LaTeX Font Info:    Redeclaring math alphabet \mathbf on input line 149.
)
(C:\Users\athgi\AppData\Local\Programs\MiKTeX\tex/latex/booktabs\booktabs.sty
Package: booktabs 2020/01/12 v1.61803398 Publication quality tables
\heavyrulewidth=\dimen152
\lightrulewidth=\dimen153
\cmidrulewidth=\dimen154
\belowrulesep=\dimen155
\belowbottomsep=\dimen156
\aboverulesep=\dimen157
\abovetopsep=\dimen158
\cmidrulesep=\dimen159
\cmidrulekern=\dimen160
\defaultaddspace=\dimen161
\@cmidla=\count268
\@cmidlb=\count269
\@aboverulesep=\dimen162
\@belowrulesep=\dimen163
\@thisruleclass=\count270
\@lastruleclass=\count271
\@thisrulewidth=\dimen164
)
(C:\Users\athgi\AppData\Local\Programs\MiKTeX\tex/latex/comment\comment.sty
\CommentStream=\write3

Excluding comment 'comment')
(C:\Users\athgi\AppData\Local\Programs\MiKTeX\tex/latex/datetime\datetime.sty
Package: datetime 2015/03/20 v2.60 Date Time Package

(C:\Users\athgi\AppData\Local\Programs\MiKTeX\tex/latex/etoolbox\etoolbox.sty
Package: etoolbox 2020/10/05 v2.5k e-TeX tools for LaTeX (JAW)
\etb@tempcnta=\count272
)
(C:\Users\athgi\AppData\Local\Programs\MiKTeX\tex/latex/fmtcount\fmtcount.sty
Invalid UTF-8 byte or sequence at line 10 replaced by U+FFFD.
Invalid UTF-8 byte or sequence at line 22 replaced by U+FFFD.
Package: fmtcount 2020/01/30 v3.07

(C:\Users\athgi\AppData\Local\Programs\MiKTeX\tex/latex/base\ifthen.sty
Package: ifthen 2022/04/13 v1.1d Standard LaTeX ifthen package (DPC)
)
(C:\Users\athgi\AppData\Local\Programs\MiKTeX\tex/latex/xkeyval\xkeyval.sty
Package: xkeyval 2022/06/16 v2.9 package option processing (HA)

(C:\Users\athgi\AppData\Local\Programs\MiKTeX\tex/generic/xkeyval\xkeyval.tex
(C:\Users\athgi\AppData\Local\Programs\MiKTeX\tex/generic/xkeyval\xkvutils.tex
\XKV@toks=\toks29
\XKV@tempa@toks=\toks30

(C:\Users\athgi\AppData\Local\Programs\MiKTeX\tex/generic/xkeyval\keyval.tex))
\XKV@depth=\count273
File: xkeyval.tex 2014/12/03 v2.7a key=value parser (HA)
)) (C:\Users\athgi\AppData\Local\Programs\MiKTeX\tex/latex/fmtcount\fcprefix.st
y
Invalid UTF-8 byte or sequence at line 10 replaced by U+FFFD.
Invalid UTF-8 byte or sequence at line 22 replaced by U+FFFD.
Package: fcprefix 2012/09/28

(C:\Users\athgi\AppData\Local\Programs\MiKTeX\tex/latex/fmtcount\fcnumparser.st
y
Invalid UTF-8 byte or sequence at line 10 replaced by U+FFFD.
Invalid UTF-8 byte or sequence at line 22 replaced by U+FFFD.
Package: fcnumparser 2017/06/15
\fc@digit@counter=\count274
))
\c@padzeroesN=\count275
\fc@tmpcatcode=\count276
\@DT@modctr=\count277
\@ordinalctr=\count278
\@orgargctr=\count279
\@strctr=\count280
\@tmpstrctr=\count281
\@DT@loopN=\count282
\@DT@X=\count283
)
(C:\Users\athgi\AppData\Local\Programs\MiKTeX\tex/latex/datetime\datetime-defau
lts.sty
Package: datetime-defaults 2013/09/10
)
\@day=\count284
\@month=\count285
\@year=\count286
\c@HOUR=\count287
\c@HOURXII=\count288
\c@MINUTE=\count289
\c@TOHOUR=\count290
\c@TOMINUTE=\count291
\c@SECOND=\count292
\currenthour=\count293
\currentminute=\count294
\currentsecond=\count295
Package datetime Info: No datetime.cfg file found, using default settings on in
put line 308.
\@dtctr=\count296
\dayofyear=\count297
\dayofweek=\count298
LaTeX Info: Redefining \today on input line 736.
\dt@a=\toks31
\dt@b=\toks32
)
(C:\Users\athgi\AppData\Local\Programs\MiKTeX\tex/latex/diagbox\diagbox.sty
Package: diagbox 2020/02/09 v2.3 Making table heads with diagonal lines

(C:\Users\athgi\AppData\Local\Programs\MiKTeX\tex/latex/pict2e\pict2e.sty
Package: pict2e 2020/09/30 v0.4b Improved picture commands (HjG,RN,JT)

(C:\Users\athgi\AppData\Local\Programs\MiKTeX\tex/latex/pict2e\pict2e.cfg
File: pict2e.cfg 2016/02/05 v0.1u pict2e configuration for teTeX/TeXLive
)
Package pict2e Info: Driver file: xetex.def on input line 112.

(C:\Users\athgi\AppData\Local\Programs\MiKTeX\tex/latex/graphics-def\xetex.def
File: xetex.def 2022/09/22 v5.0n Graphics/color driver for xetex
)
Package pict2e Info: Driver file for pict2e: p2e-xetex.def on input line 114.
(C:\Users\athgi\AppData\Local\Programs\MiKTeX\tex/latex/pict2e\p2e-xetex.def
File: p2e-xetex.def 2016/02/05 v0.1u Driver-dependant file (RN,HjG,JT)
)
(C:\Users\athgi\AppData\Local\Programs\MiKTeX\tex/latex/graphics\trig.sty
Package: trig 2021/08/11 v1.11 sin cos tan (DPC)
)
\pIIe@GRAPH=\toks33
\@arclen=\dimen165
\@arcrad=\dimen166
\pIIe@tempdima=\dimen167
\pIIe@tempdimb=\dimen168
\pIIe@tempdimc=\dimen169
\pIIe@tempdimd=\dimen170
\pIIe@tempdime=\dimen171
\pIIe@tempdimf=\dimen172
)
(C:\Users\athgi\AppData\Local\Programs\MiKTeX\tex/latex/tools\calc.sty
Package: calc 2017/05/25 v4.3 Infix arithmetic (KKT,FJ)
\calc@Acount=\count299
\calc@Bcount=\count300
\calc@Adimen=\dimen173
\calc@Bdimen=\dimen174
\calc@Askip=\skip58
\calc@Bskip=\skip59
LaTeX Info: Redefining \setlength on input line 80.
LaTeX Info: Redefining \addtolength on input line 81.
\calc@Ccount=\count301
\calc@Cskip=\skip60
)
\diagbox@boxa=\box55
\diagbox@boxb=\box56
\diagbox@boxm=\box57
\diagbox@wd=\dimen175
\diagbox@ht=\dimen176
\diagbox@insepl=\dimen177
\diagbox@insepr=\dimen178
\diagbox@outsepl=\dimen179
\diagbox@outsepr=\dimen180
)
(C:\Users\athgi\AppData\Local\Programs\MiKTeX\tex/latex/tools\enumerate.sty
Package: enumerate 2015/07/23 v3.00 enumerate extensions (DPC)
\@enLab=\toks34
)
(C:\Users\athgi\AppData\Local\Programs\MiKTeX\tex/latex/enumitem\enumitem.sty
Package: enumitem 2019/06/20 v3.9 Customized lists
\enitkv@toks@=\toks35
\labelindent=\skip61
\enit@outerparindent=\dimen181
\enit@toks=\toks36
\enit@inbox=\box58
\enit@count@id=\count302
\enitdp@description=\count303
)
(C:\Users\athgi\AppData\Local\Programs\MiKTeX\tex/latex/esint\esint.sty
Package: esint 
\symlargesymbolsA=\mathgroup9
)
(C:\Users\athgi\AppData\Local\Programs\MiKTeX\tex/latex/extarrows\extarrows.sty
Package: extarrows 2020/03/12 v1.2.0 Some extensible arrows
) (C:\Users\athgi\AppData\Local\Programs\MiKTeX\tex/latex/fancyhdr\fancyhdr.sty
Package: fancyhdr 2022/11/09 v4.1 Extensive control of page headers and footers

\f@nch@headwidth=\skip62
\f@nch@O@elh=\skip63
\f@nch@O@erh=\skip64
\f@nch@O@olh=\skip65
\f@nch@O@orh=\skip66
\f@nch@O@elf=\skip67
\f@nch@O@erf=\skip68
\f@nch@O@olf=\skip69
\f@nch@O@orf=\skip70
) (C:\Users\athgi\AppData\Local\Programs\MiKTeX\tex/latex/float\float.sty
Package: float 2001/11/08 v1.3d Float enhancements (AL)
\c@float@type=\count304
\float@exts=\toks37
\float@box=\box59
\@float@everytoks=\toks38
\@floatcapt=\box60
)
(C:\Users\athgi\AppData\Local\Programs\MiKTeX\tex/latex/fontspec\fontspec.sty
(C:\Users\athgi\AppData\Local\Programs\MiKTeX\tex/latex/l3packages/xparse\xpars
e.sty
(C:\Users\athgi\AppData\Local\Programs\MiKTeX\tex/latex/l3kernel\expl3.sty
Package: expl3 2023-06-30 L3 programming layer (loader) 

(C:\Users\athgi\AppData\Local\Programs\MiKTeX\tex/latex/l3backend\l3backend-xet
ex.def
File: l3backend-xetex.def 2023-04-19 L3 backend support: XeTeX
\g__graphics_track_int=\count305
\l__pdf_internal_box=\box61
\g__pdf_backend_object_int=\count306
\g__pdf_backend_annotation_int=\count307
\g__pdf_backend_link_int=\count308
))
Package: xparse 2023-02-02 L3 Experimental document command parser
)
Package: fontspec 2022/01/15 v2.8a Font selection for XeLaTeX and LuaLaTeX

(C:\Users\athgi\AppData\Local\Programs\MiKTeX\tex/latex/fontspec\fontspec-xetex
.sty
Package: fontspec-xetex 2022/01/15 v2.8a Font selection for XeLaTeX and LuaLaTe
X
\l__fontspec_script_int=\count309
\l__fontspec_language_int=\count310
\l__fontspec_strnum_int=\count311
\l__fontspec_tmp_int=\count312
\l__fontspec_tmpa_int=\count313
\l__fontspec_tmpb_int=\count314
\l__fontspec_tmpc_int=\count315
\l__fontspec_em_int=\count316
\l__fontspec_emdef_int=\count317
\l__fontspec_strong_int=\count318
\l__fontspec_strongdef_int=\count319
\l__fontspec_tmpa_dim=\dimen182
\l__fontspec_tmpb_dim=\dimen183
\l__fontspec_tmpc_dim=\dimen184
 (C:\Users\athgi\AppData\Local\Programs\MiKTeX\tex/latex/base\fontenc.sty
Package: fontenc 2021/04/29 v2.0v Standard LaTeX package
)
(C:\Users\athgi\AppData\Local\Programs\MiKTeX\tex/latex/fontspec\fontspec.cfg))
) (C:\Users\athgi\AppData\Local\Programs\MiKTeX\tex/latex/base\fontenc.sty
Package: fontenc 2021/04/29 v2.0v Standard LaTeX package
LaTeX Font Info:    Trying to load font information for T1+lmr on input line 11
2.

(C:\Users\athgi\AppData\Local\Programs\MiKTeX\tex/latex/lm\t1lmr.fd
File: t1lmr.fd 2015/05/01 v1.6.1 Font defs for Latin Modern
))
(C:\Users\athgi\AppData\Local\Programs\MiKTeX\tex/latex/footmisc\footmisc.sty
Package: footmisc 2023/07/05 v6.0f a miscellany of footnote facilities
\FN@temptoken=\toks39
\footnotemargin=\dimen185
\@outputbox@depth=\dimen186
Package footmisc Info: Declaring symbol style bringhurst on input line 696.
Package footmisc Info: Declaring symbol style chicago on input line 704.
Package footmisc Info: Declaring symbol style wiley on input line 713.
Package footmisc Info: Declaring symbol style lamport-robust on input line 724.

Package footmisc Info: Declaring symbol style lamport* on input line 744.
Package footmisc Info: Declaring symbol style lamport*-robust on input line 765
.
)
(C:\Users\athgi\AppData\Local\Programs\MiKTeX\tex/latex/geometry\geometry.sty
Package: geometry 2020/01/02 v5.9 Page Geometry

(C:\Users\athgi\AppData\Local\Programs\MiKTeX\tex/generic/iftex\ifvtex.sty
Package: ifvtex 2019/10/25 v1.7 ifvtex legacy package. Use iftex instead.

(C:\Users\athgi\AppData\Local\Programs\MiKTeX\tex/generic/iftex\iftex.sty
Package: iftex 2022/02/03 v1.0f TeX engine tests
))
\Gm@cnth=\count320
\Gm@cntv=\count321
\c@Gm@tempcnt=\count322
\Gm@bindingoffset=\dimen187
\Gm@wd@mp=\dimen188
\Gm@odd@mp=\dimen189
\Gm@even@mp=\dimen190
\Gm@layoutwidth=\dimen191
\Gm@layoutheight=\dimen192
\Gm@layouthoffset=\dimen193
\Gm@layoutvoffset=\dimen194
\Gm@dimlist=\toks40

(C:\Users\athgi\AppData\Local\Programs\MiKTeX\tex/latex/geometry\geometry.cfg))
(C:\Users\athgi\AppData\Local\Programs\MiKTeX\tex/latex/graphics\graphicx.sty
Package: graphicx 2021/09/16 v1.2d Enhanced LaTeX Graphics (DPC,SPQR)

(C:\Users\athgi\AppData\Local\Programs\MiKTeX\tex/latex/graphics\graphics.sty
Package: graphics 2022/03/10 v1.4e Standard LaTeX Graphics (DPC,SPQR)

(C:\Users\athgi\AppData\Local\Programs\MiKTeX\tex/latex/graphics-cfg\graphics.c
fg
File: graphics.cfg 2016/06/04 v1.11 sample graphics configuration
)
Package graphics Info: Driver file: xetex.def on input line 107.
)
\Gin@req@height=\dimen195
\Gin@req@width=\dimen196
)
(C:\Users\athgi\AppData\Local\Programs\MiKTeX\tex/latex/imakeidx\imakeidx.sty
Package: imakeidx 2016/10/15 v1.3e Package for typesetting indices in a synchro
nous mode

(C:\Users\athgi\AppData\Local\Programs\MiKTeX\tex/generic/iftex\ifxetex.sty
Package: ifxetex 2019/10/25 v0.7 ifxetex legacy package. Use iftex instead.
)
(C:\Users\athgi\AppData\Local\Programs\MiKTeX\tex/generic/iftex\ifluatex.sty
Package: ifluatex 2019/10/25 v1.5 ifluatex legacy package. Use iftex instead.
)
(C:\Users\athgi\AppData\Local\Programs\MiKTeX\tex/latex/tools\multicol.sty
Package: multicol 2021/11/30 v1.9d multicolumn formatting (FMi)
\c@tracingmulticols=\count323
\mult@box=\box62
\multicol@leftmargin=\dimen197
\c@unbalance=\count324
\c@collectmore=\count325
\doublecol@number=\count326
\multicoltolerance=\count327
\multicolpretolerance=\count328
\full@width=\dimen198
\page@free=\dimen199
\premulticols=\dimen256
\postmulticols=\dimen257
\multicolsep=\skip71
\multicolbaselineskip=\skip72
\partial@page=\box63
\last@line=\box64
\maxbalancingoverflow=\dimen258
\mult@rightbox=\box65
\mult@grightbox=\box66
\mult@firstbox=\box67
\mult@gfirstbox=\box68
\@tempa=\box69
\@tempa=\box70
\@tempa=\box71
\@tempa=\box72
\@tempa=\box73
\@tempa=\box74
\@tempa=\box75
\@tempa=\box76
\@tempa=\box77
\@tempa=\box78
\@tempa=\box79
\@tempa=\box80
\@tempa=\box81
\@tempa=\box82
\@tempa=\box83
\@tempa=\box84
\@tempa=\box85
\@tempa=\box86
\@tempa=\box87
\@tempa=\box88
\@tempa=\box89
\@tempa=\box90
\@tempa=\box91
\@tempa=\box92
\@tempa=\box93
\@tempa=\box94
\@tempa=\box95
\@tempa=\box96
\@tempa=\box97
\@tempa=\box98
\@tempa=\box99
\@tempa=\box100
\@tempa=\box101
\@tempa=\box102
\@tempa=\box103
\@tempa=\box104
\c@minrows=\count329
\c@columnbadness=\count330
\c@finalcolumnbadness=\count331
\last@try=\dimen259
\multicolovershoot=\dimen260
\multicolundershoot=\dimen261
\mult@nat@firstbox=\box105
\colbreak@box=\box106
\mc@col@check@num=\count332
))
(C:\Users\athgi\AppData\Local\Programs\MiKTeX\tex/latex/hyperref\hyperref.sty
Package: hyperref 2023-07-08 v7.01b Hypertext links for LaTeX

(C:\Users\athgi\AppData\Local\Programs\MiKTeX\tex/generic/ltxcmds\ltxcmds.sty
Package: ltxcmds 2020-05-10 v1.25 LaTeX kernel commands for general use (HO)
)
(C:\Users\athgi\AppData\Local\Programs\MiKTeX\tex/generic/pdftexcmds\pdftexcmds
.sty
Package: pdftexcmds 2020-06-27 v0.33 Utility functions of pdfTeX for LuaTeX (HO
)

(C:\Users\athgi\AppData\Local\Programs\MiKTeX\tex/generic/infwarerr\infwarerr.s
ty
Package: infwarerr 2019/12/03 v1.5 Providing info/warning/error messages (HO)
)
Package pdftexcmds Info: \pdf@primitive is available.
Package pdftexcmds Info: \pdf@ifprimitive is available.
Package pdftexcmds Info: \pdfdraftmode not found.
)
(C:\Users\athgi\AppData\Local\Programs\MiKTeX\tex/latex/kvsetkeys\kvsetkeys.sty
Package: kvsetkeys 2022-10-05 v1.19 Key value parser (HO)
)
(C:\Users\athgi\AppData\Local\Programs\MiKTeX\tex/generic/kvdefinekeys\kvdefine
keys.sty
Package: kvdefinekeys 2019-12-19 v1.6 Define keys (HO)
)
(C:\Users\athgi\AppData\Local\Programs\MiKTeX\tex/generic/pdfescape\pdfescape.s
ty
Package: pdfescape 2019/12/09 v1.15 Implements pdfTeX's escape features (HO)
) (C:\Users\athgi\AppData\Local\Programs\MiKTeX\tex/latex/hycolor\hycolor.sty
Package: hycolor 2020-01-27 v1.10 Color options for hyperref/bookmark (HO)
)
(C:\Users\athgi\AppData\Local\Programs\MiKTeX\tex/latex/letltxmacro\letltxmacro
.sty
Package: letltxmacro 2019/12/03 v1.6 Let assignment for LaTeX macros (HO)
)
(C:\Users\athgi\AppData\Local\Programs\MiKTeX\tex/latex/auxhook\auxhook.sty
Package: auxhook 2019-12-17 v1.6 Hooks for auxiliary files (HO)
)
(C:\Users\athgi\AppData\Local\Programs\MiKTeX\tex/latex/hyperref\nameref.sty
Package: nameref 2023-08-07 v2.53 Cross-referencing by name of section

(C:\Users\athgi\AppData\Local\Programs\MiKTeX\tex/latex/refcount\refcount.sty
Package: refcount 2019/12/15 v3.6 Data extraction from label references (HO)
)
(C:\Users\athgi\AppData\Local\Programs\MiKTeX\tex/generic/gettitlestring\gettit
lestring.sty
Package: gettitlestring 2019/12/15 v1.6 Cleanup title references (HO)

(C:\Users\athgi\AppData\Local\Programs\MiKTeX\tex/latex/kvoptions\kvoptions.sty
Package: kvoptions 2022-06-15 v3.15 Key value format for package options (HO)
))
\c@section@level=\count333
)
\@linkdim=\dimen262
\Hy@linkcounter=\count334
\Hy@pagecounter=\count335
 (C:\Users\athgi\AppData\Local\Programs\MiKTeX\tex/latex/hyperref\pd1enc.def
File: pd1enc.def 2023-07-08 v7.01b Hyperref: PDFDocEncoding definition (HO)
) (C:\Users\athgi\AppData\Local\Programs\MiKTeX\tex/generic/intcalc\intcalc.sty
Package: intcalc 2019/12/15 v1.3 Expandable calculations with integers (HO)
)
\Hy@SavedSpaceFactor=\count336
 (C:\Users\athgi\AppData\Local\Programs\MiKTeX\tex/latex/hyperref\puenc.def
File: puenc.def 2023-07-08 v7.01b Hyperref: PDF Unicode definition (HO)
)
Package hyperref Info: Hyper figures OFF on input line 4167.
Package hyperref Info: Link nesting OFF on input line 4172.
Package hyperref Info: Hyper index ON on input line 4175.
Package hyperref Info: Plain pages OFF on input line 4182.
Package hyperref Info: Backreferencing OFF on input line 4187.
Package hyperref Info: Implicit mode ON; LaTeX internals redefined.
Package hyperref Info: Bookmarks ON on input line 4434.
\c@Hy@tempcnt=\count337

(C:\Users\athgi\AppData\Local\Programs\MiKTeX\tex/latex/url\url.sty
\Urlmuskip=\muskip17
Package: url 2013/09/16  ver 3.4  Verb mode for urls, etc.
)
LaTeX Info: Redefining \url on input line 4772.
\XeTeXLinkMargin=\dimen263

(C:\Users\athgi\AppData\Local\Programs\MiKTeX\tex/generic/bitset\bitset.sty
Package: bitset 2019/12/09 v1.3 Handle bit-vector datatype (HO)

(C:\Users\athgi\AppData\Local\Programs\MiKTeX\tex/generic/bigintcalc\bigintcalc
.sty
Package: bigintcalc 2019/12/15 v1.5 Expandable calculations on big integers (HO
)
))
\Fld@menulength=\count338
\Field@Width=\dimen264
\Fld@charsize=\dimen265
Package hyperref Info: Hyper figures OFF on input line 6051.
Package hyperref Info: Link nesting OFF on input line 6056.
Package hyperref Info: Hyper index ON on input line 6059.
Package hyperref Info: backreferencing OFF on input line 6066.
Package hyperref Info: Link coloring OFF on input line 6071.
Package hyperref Info: Link coloring with OCG OFF on input line 6076.
Package hyperref Info: PDF/A mode OFF on input line 6081.

(C:\Users\athgi\AppData\Local\Programs\MiKTeX\tex/latex/base\atbegshi-ltx.sty
Package: atbegshi-ltx 2021/01/10 v1.0c Emulation of the original atbegshi
package with kernel methods
)
\Hy@abspage=\count339
\c@Item=\count340
\c@Hfootnote=\count341
)
Package hyperref Info: Driver (autodetected): hxetex.
(C:\Users\athgi\AppData\Local\Programs\MiKTeX\tex/latex/hyperref\hxetex.def
File: hxetex.def 2023-07-08 v7.01b Hyperref driver for XeTeX

(C:\Users\athgi\AppData\Local\Programs\MiKTeX\tex/generic/stringenc\stringenc.s
ty
Package: stringenc 2019/11/29 v1.12 Convert strings between diff. encodings (HO
)
)
\pdfm@box=\box107
\c@Hy@AnnotLevel=\count342
\HyField@AnnotCount=\count343
\Fld@listcount=\count344
\c@bookmark@seq@number=\count345

(C:\Users\athgi\AppData\Local\Programs\MiKTeX\tex/latex/rerunfilecheck\rerunfil
echeck.sty
Package: rerunfilecheck 2022-07-10 v1.10 Rerun checks for auxiliary files (HO)

(C:\Users\athgi\AppData\Local\Programs\MiKTeX\tex/latex/base\atveryend-ltx.sty
Package: atveryend-ltx 2020/08/19 v1.0a Emulation of the original atveryend pac
kage
with kernel methods
)
(C:\Users\athgi\AppData\Local\Programs\MiKTeX\tex/generic/uniquecounter\uniquec
ounter.sty
Package: uniquecounter 2019/12/15 v1.4 Provide unlimited unique counter (HO)
)
Package uniquecounter Info: New unique counter `rerunfilecheck' on input line 2
85.
)
\Hy@SectionHShift=\skip73
)
(C:\Users\athgi\AppData\Local\Programs\MiKTeX\tex/latex/import\import.sty
Package: import 2020/04/01  v 6.2
)
(C:\Users\athgi\AppData\Local\Programs\MiKTeX\tex/latex/tools\indentfirst.sty
Package: indentfirst 1995/11/23 v1.03 Indent first paragraph (DPC)
)
(C:\Users\athgi\AppData\Local\Programs\MiKTeX\tex/latex/listings\listings.sty
\lst@mode=\count346
\lst@gtempboxa=\box108
\lst@token=\toks41
\lst@length=\count347
\lst@currlwidth=\dimen266
\lst@column=\count348
\lst@pos=\count349
\lst@lostspace=\dimen267
\lst@width=\dimen268
\lst@newlines=\count350
\lst@lineno=\count351
\lst@maxwidth=\dimen269

(C:\Users\athgi\AppData\Local\Programs\MiKTeX\tex/latex/listings\lstmisc.sty
File: lstmisc.sty 2023/02/27 1.9 (Carsten Heinz)
\c@lstnumber=\count352
\lst@skipnumbers=\count353
\lst@framebox=\box109
)
(C:\Users\athgi\AppData\Local\Programs\MiKTeX\tex/latex/listings\listings.cfg
File: listings.cfg 2023/02/27 1.9 listings configuration
))
Package: listings 2023/02/27 1.9 (Carsten Heinz)
(C:\Users\athgi\AppData\Local\Programs\MiKTeX\tex/latex/tools\longtable.sty
Package: longtable 2021-09-01 v4.17 Multi-page Table package (DPC)
\LTleft=\skip74
\LTright=\skip75
\LTpre=\skip76
\LTpost=\skip77
\LTchunksize=\count354
\LTcapwidth=\dimen270
\LT@head=\box110
\LT@firsthead=\box111
\LT@foot=\box112
\LT@lastfoot=\box113
\LT@gbox=\box114
\LT@cols=\count355
\LT@rows=\count356
\c@LT@tables=\count357
\c@LT@chunks=\count358
\LT@p@ftn=\toks42
)
(C:\Users\athgi\AppData\Local\Programs\MiKTeX\tex/latex/makecell\makecell.sty
Package: makecell 2009/08/03 V0.1e Managing of Tab Column Heads and Cells
\rotheadsize=\dimen271
\c@nlinenum=\count359
\TeXr@lab=\toks43
)
(C:\Users\athgi\AppData\Local\Programs\MiKTeX\tex/latex/mathtools\mathtools.sty
Package: mathtools 2022/06/29 v1.29 mathematical typesetting tools
(C:\Users\athgi\AppData\Local\Programs\MiKTeX\tex/latex/mathtools\mhsetup.sty
Package: mhsetup 2021/03/18 v1.4 programming setup (MH)
)
\g_MT_multlinerow_int=\count360
\l_MT_multwidth_dim=\dimen272
\origjot=\skip78
\l_MT_shortvdotswithinadjustabove_dim=\dimen273
\l_MT_shortvdotswithinadjustbelow_dim=\dimen274
\l_MT_above_intertext_sep=\dimen275
\l_MT_below_intertext_sep=\dimen276
\l_MT_above_shortintertext_sep=\dimen277
\l_MT_below_shortintertext_sep=\dimen278
\xmathstrut@box=\box115
\xmathstrut@dim=\dimen279
) (C:\Users\athgi\AppData\Local\Programs\MiKTeX\tex/latex/jknappen\mathrsfs.sty
Package: mathrsfs 1996/01/01 Math RSFS package v1.0 (jk)
\symrsfs=\mathgroup10
) (C:\Users\athgi\AppData\Local\Programs\MiKTeX\tex/latex/pdfpages\pdfpages.sty
Package: pdfpages 2022/12/19 v0.5x Insert pages of external PDF documents (AM)

(C:\Users\athgi\AppData\Local\Programs\MiKTeX\tex/latex/eso-pic\eso-pic.sty
Package: eso-pic 2023/05/03 v3.0c eso-pic (RN)
\ESO@tempdima=\dimen280
\ESO@tempdimb=\dimen281

(C:\Users\athgi\AppData\Local\Programs\MiKTeX\tex/latex/xcolor\xcolor.sty
Package: xcolor 2022/06/12 v2.14 LaTeX color extensions (UK)

(C:\Users\athgi\AppData\Local\Programs\MiKTeX\tex/latex/graphics-cfg\color.cfg
File: color.cfg 2016/01/02 v1.6 sample color configuration
)
Package xcolor Info: Driver file: xetex.def on input line 227.
(C:\Users\athgi\AppData\Local\Programs\MiKTeX\tex/latex/graphics\mathcolor.ltx)
Package xcolor Info: Model `cmy' substituted by `cmy0' on input line 1353.
Package xcolor Info: Model `RGB' extended on input line 1369.
Package xcolor Info: Model `HTML' substituted by `rgb' on input line 1371.
Package xcolor Info: Model `Hsb' substituted by `hsb' on input line 1372.
Package xcolor Info: Model `tHsb' substituted by `hsb' on input line 1373.
Package xcolor Info: Model `HSB' substituted by `hsb' on input line 1374.
Package xcolor Info: Model `Gray' substituted by `gray' on input line 1375.
Package xcolor Info: Model `wave' substituted by `hsb' on input line 1376.
))
\AM@pagewidth=\dimen282
\AM@pageheight=\dimen283
\AM@fboxrule=\dimen284
 (C:\Users\athgi\AppData\Local\Programs\MiKTeX\tex/latex/pdfpages\ppxetex.def
File: ppxetex.def 2022/12/19 v0.5x Pdfpages driver for XeTeX (AM)
)
\pdfpages@includegraphics@status=\count361
\AM@pagebox=\box116
\AM@global@opts=\toks44
\AM@pagecnt=\count362
\AM@toc@title=\toks45
\AM@lof@heading=\toks46
\c@AM@survey=\count363
\AM@templatesizebox=\box117
)
(C:\Users\athgi\AppData\Local\Programs\MiKTeX\tex/latex/stackengine\stackengine
.sty
Package: stackengine 2021/07/22 v4.11\ Stacking text and objects in convenient 
ways

(C:\Users\athgi\AppData\Local\Programs\MiKTeX\tex/latex/listofitems\listofitems
.sty
(C:\Users\athgi\AppData\Local\Programs\MiKTeX\tex/generic/listofitems\listofite
ms.tex
Invalid UTF-8 byte or sequence at line 50 replaced by U+FFFD.
Invalid UTF-8 byte or sequence at line 50 replaced by U+FFFD.
Invalid UTF-8 byte or sequence at line 52 replaced by U+FFFD.
Invalid UTF-8 byte or sequence at line 52 replaced by U+FFFD.
Invalid UTF-8 byte or sequence at line 52 replaced by U+FFFD.
Invalid UTF-8 byte or sequence at line 96 replaced by U+FFFD.
Invalid UTF-8 byte or sequence at line 96 replaced by U+FFFD.
Invalid UTF-8 byte or sequence at line 104 replaced by U+FFFD.
Invalid UTF-8 byte or sequence at line 105 replaced by U+FFFD.
\loi_cnt_foreach_nest=\count364
Invalid UTF-8 byte or sequence at line 139 replaced by U+FFFD.
Invalid UTF-8 byte or sequence at line 146 replaced by U+FFFD.
Invalid UTF-8 byte or sequence at line 192 replaced by U+FFFD.
Invalid UTF-8 byte or sequence at line 209 replaced by U+FFFD.
Invalid UTF-8 byte or sequence at line 209 replaced by U+FFFD.
Invalid UTF-8 byte or sequence at line 222 replaced by U+FFFD.
Invalid UTF-8 byte or sequence at line 222 replaced by U+FFFD.
Invalid UTF-8 byte or sequence at line 223 replaced by U+FFFD.
Invalid UTF-8 byte or sequence at line 223 replaced by U+FFFD.
Invalid UTF-8 byte or sequence at line 224 replaced by U+FFFD.
Invalid UTF-8 byte or sequence at line 226 replaced by U+FFFD.
Invalid UTF-8 byte or sequence at line 226 replaced by U+FFFD.
Invalid UTF-8 byte or sequence at line 238 replaced by U+FFFD.
Invalid UTF-8 byte or sequence at line 243 replaced by U+FFFD.
Invalid UTF-8 byte or sequence at line 243 replaced by U+FFFD.
Invalid UTF-8 byte or sequence at line 260 replaced by U+FFFD.
Invalid UTF-8 byte or sequence at line 284 replaced by U+FFFD.
Invalid UTF-8 byte or sequence at line 310 replaced by U+FFFD.
Invalid UTF-8 byte or sequence at line 310 replaced by U+FFFD.
Invalid UTF-8 byte or sequence at line 324 replaced by U+FFFD.
Invalid UTF-8 byte or sequence at line 337 replaced by U+FFFD.
Invalid UTF-8 byte or sequence at line 337 replaced by U+FFFD.
Invalid UTF-8 byte or sequence at line 339 replaced by U+FFFD.
Invalid UTF-8 byte or sequence at line 350 replaced by U+FFFD.
Invalid UTF-8 byte or sequence at line 350 replaced by U+FFFD.
Invalid UTF-8 byte or sequence at line 350 replaced by U+FFFD.
Invalid UTF-8 byte or sequence at line 354 replaced by U+FFFD.
\loi_nestcnt=\count365
Invalid UTF-8 byte or sequence at line 367 replaced by U+FFFD.
Invalid UTF-8 byte or sequence at line 367 replaced by U+FFFD.
Invalid UTF-8 byte or sequence at line 367 replaced by U+FFFD.
Invalid UTF-8 byte or sequence at line 367 replaced by U+FFFD.
Invalid UTF-8 byte or sequence at line 375 replaced by U+FFFD.
Invalid UTF-8 byte or sequence at line 375 replaced by U+FFFD.
Invalid UTF-8 byte or sequence at line 375 replaced by U+FFFD.
Invalid UTF-8 byte or sequence at line 375 replaced by U+FFFD.
Invalid UTF-8 byte or sequence at line 377 replaced by U+FFFD.
Invalid UTF-8 byte or sequence at line 378 replaced by U+FFFD.
Invalid UTF-8 byte or sequence at line 398 replaced by U+FFFD.
Invalid UTF-8 byte or sequence at line 398 replaced by U+FFFD.
Invalid UTF-8 byte or sequence at line 399 replaced by U+FFFD.
Invalid UTF-8 byte or sequence at line 399 replaced by U+FFFD.
Invalid UTF-8 byte or sequence at line 399 replaced by U+FFFD.
Invalid UTF-8 byte or sequence at line 399 replaced by U+FFFD.
Invalid UTF-8 byte or sequence at line 399 replaced by U+FFFD.
Invalid UTF-8 byte or sequence at line 399 replaced by U+FFFD.
Invalid UTF-8 byte or sequence at line 409 replaced by U+FFFD.
Invalid UTF-8 byte or sequence at line 410 replaced by U+FFFD.
Invalid UTF-8 byte or sequence at line 410 replaced by U+FFFD.
Invalid UTF-8 byte or sequence at line 410 replaced by U+FFFD.
Invalid UTF-8 byte or sequence at line 410 replaced by U+FFFD.
Invalid UTF-8 byte or sequence at line 411 replaced by U+FFFD.
Invalid UTF-8 byte or sequence at line 411 replaced by U+FFFD.
Invalid UTF-8 byte or sequence at line 411 replaced by U+FFFD.
Invalid UTF-8 byte or sequence at line 411 replaced by U+FFFD.
Invalid UTF-8 byte or sequence at line 411 replaced by U+FFFD.
Invalid UTF-8 byte or sequence at line 411 replaced by U+FFFD.
Invalid UTF-8 byte or sequence at line 414 replaced by U+FFFD.
Invalid UTF-8 byte or sequence at line 422 replaced by U+FFFD.
Invalid UTF-8 byte or sequence at line 422 replaced by U+FFFD.
Invalid UTF-8 byte or sequence at line 426 replaced by U+FFFD.
Invalid UTF-8 byte or sequence at line 428 replaced by U+FFFD.
Invalid UTF-8 byte or sequence at line 433 replaced by U+FFFD.
Invalid UTF-8 byte or sequence at line 433 replaced by U+FFFD.
Invalid UTF-8 byte or sequence at line 441 replaced by U+FFFD.
Invalid UTF-8 byte or sequence at line 441 replaced by U+FFFD.
Invalid UTF-8 byte or sequence at line 442 replaced by U+FFFD.
Invalid UTF-8 byte or sequence at line 443 replaced by U+FFFD.
Invalid UTF-8 byte or sequence at line 443 replaced by U+FFFD.
Invalid UTF-8 byte or sequence at line 443 replaced by U+FFFD.
Invalid UTF-8 byte or sequence at line 446 replaced by U+FFFD.
Invalid UTF-8 byte or sequence at line 446 replaced by U+FFFD.
Invalid UTF-8 byte or sequence at line 446 replaced by U+FFFD.
Invalid UTF-8 byte or sequence at line 448 replaced by U+FFFD.
Invalid UTF-8 byte or sequence at line 448 replaced by U+FFFD.
Invalid UTF-8 byte or sequence at line 451 replaced by U+FFFD.
Invalid UTF-8 byte or sequence at line 455 replaced by U+FFFD.
Invalid UTF-8 byte or sequence at line 455 replaced by U+FFFD.
Invalid UTF-8 byte or sequence at line 458 replaced by U+FFFD.
Invalid UTF-8 byte or sequence at line 458 replaced by U+FFFD.
Invalid UTF-8 byte or sequence at line 472 replaced by U+FFFD.
Invalid UTF-8 byte or sequence at line 475 replaced by U+FFFD.
Invalid UTF-8 byte or sequence at line 492 replaced by U+FFFD.
Invalid UTF-8 byte or sequence at line 508 replaced by U+FFFD.
Invalid UTF-8 byte or sequence at line 508 replaced by U+FFFD.
Invalid UTF-8 byte or sequence at line 509 replaced by U+FFFD.
Invalid UTF-8 byte or sequence at line 509 replaced by U+FFFD.
Invalid UTF-8 byte or sequence at line 519 replaced by U+FFFD.
Invalid UTF-8 byte or sequence at line 541 replaced by U+FFFD.
Invalid UTF-8 byte or sequence at line 541 replaced by U+FFFD.
)
Package: listofitems 2019/08/21 v1.63 Grab items in lists using user-specified 
sep char (CT)
)
\c@@stackindex=\count366
\@boxshift=\skip79
\stack@tmplength=\skip80
\temp@stkl=\skip81
\@stackedboxwidth=\skip82
\@addedbox=\box118
\@anchorbox=\box119
\@insetbox=\box120
\se@backgroundbox=\box121
\stackedbox=\box122
\@centerbox=\box123
\c@ROWcellindex@=\count367
)
(C:\Users\athgi\AppData\Local\Programs\MiKTeX\tex/latex/oberdiek\stackrel.sty
Package: stackrel 2016/05/16 v1.3 Adding subscript option to stackrel (HO)

(C:\Users\athgi\AppData\Local\Programs\MiKTeX\tex/generic/etexcmds\etexcmds.sty
Package: etexcmds 2019/12/15 v1.7 Avoid name clashes with e-TeX commands (HO)
))
(C:\Users\athgi\AppData\Local\Programs\MiKTeX\tex/latex/setspace\setspace.sty
Package: setspace 2022/12/04 v6.7b set line spacing
)
(C:\Users\athgi\AppData\Local\Programs\MiKTeX\tex/latex/stmaryrd\stmaryrd.sty
Package: stmaryrd 1994/03/03 St Mary's Road symbol package
\symstmry=\mathgroup11
LaTeX Font Info:    Overwriting symbol font `stmry' in version `bold'
(Font)                  U/stmry/m/n --> U/stmry/b/n on input line 89.
)
(C:\Users\athgi\AppData\Local\Programs\MiKTeX\tex/latex/tools\tabularx.sty
Package: tabularx 2020/01/15 v2.11c `tabularx' package (DPC)
\TX@col@width=\dimen285
\TX@old@table=\dimen286
\TX@old@col=\dimen287
\TX@target=\dimen288
\TX@delta=\dimen289
\TX@cols=\count368
\TX@ftn=\toks47
)
(C:\Users\athgi\AppData\Local\Programs\MiKTeX\tex/latex/tcolorbox\tcolorbox.sty
Package: tcolorbox 2023/03/17 version 6.0.3 text color boxes
(C:\Users\athgi\AppData\Local\Programs\MiKTeX\tex/latex/pgf/basiclayer\pgf.sty
(C:\Users\athgi\AppData\Local\Programs\MiKTeX\tex/latex/pgf/utilities\pgfrcs.st
y
(C:\Users\athgi\AppData\Local\Programs\MiKTeX\tex/generic/pgf/utilities\pgfutil
-common.tex
\pgfutil@everybye=\toks48
\pgfutil@tempdima=\dimen290
\pgfutil@tempdimb=\dimen291
)
(C:\Users\athgi\AppData\Local\Programs\MiKTeX\tex/generic/pgf/utilities\pgfutil
-latex.def
\pgfutil@abb=\box124
)
(C:\Users\athgi\AppData\Local\Programs\MiKTeX\tex/generic/pgf/utilities\pgfrcs.
code.tex
(C:\Users\athgi\AppData\Local\Programs\MiKTeX\tex/generic/pgf\pgf.revision.tex)
Package: pgfrcs 2023-01-15 v3.1.10 (3.1.10)
))
Package: pgf 2023-01-15 v3.1.10 (3.1.10)

(C:\Users\athgi\AppData\Local\Programs\MiKTeX\tex/latex/pgf/basiclayer\pgfcore.
sty
(C:\Users\athgi\AppData\Local\Programs\MiKTeX\tex/latex/pgf/systemlayer\pgfsys.
sty
(C:\Users\athgi\AppData\Local\Programs\MiKTeX\tex/generic/pgf/systemlayer\pgfsy
s.code.tex
Package: pgfsys 2023-01-15 v3.1.10 (3.1.10)

(C:\Users\athgi\AppData\Local\Programs\MiKTeX\tex/generic/pgf/utilities\pgfkeys
.code.tex
\pgfkeys@pathtoks=\toks49
\pgfkeys@temptoks=\toks50

(C:\Users\athgi\AppData\Local\Programs\MiKTeX\tex/generic/pgf/utilities\pgfkeys
libraryfiltered.code.tex
\pgfkeys@tmptoks=\toks51
))
\pgf@x=\dimen292
\pgf@y=\dimen293
\pgf@xa=\dimen294
\pgf@ya=\dimen295
\pgf@xb=\dimen296
\pgf@yb=\dimen297
\pgf@xc=\dimen298
\pgf@yc=\dimen299
\pgf@xd=\dimen300
\pgf@yd=\dimen301
\w@pgf@writea=\write4
\r@pgf@reada=\read2
\c@pgf@counta=\count369
\c@pgf@countb=\count370
\c@pgf@countc=\count371
\c@pgf@countd=\count372
\t@pgf@toka=\toks52
\t@pgf@tokb=\toks53
\t@pgf@tokc=\toks54
\pgf@sys@id@count=\count373

(C:\Users\athgi\AppData\Local\Programs\MiKTeX\tex/generic/pgf/systemlayer\pgf.c
fg
File: pgf.cfg 2023-01-15 v3.1.10 (3.1.10)
)
Driver file for pgf: pgfsys-xetex.def

(C:\Users\athgi\AppData\Local\Programs\MiKTeX\tex/generic/pgf/systemlayer\pgfsy
s-xetex.def
File: pgfsys-xetex.def 2023-01-15 v3.1.10 (3.1.10)

(C:\Users\athgi\AppData\Local\Programs\MiKTeX\tex/generic/pgf/systemlayer\pgfsy
s-dvipdfmx.def
File: pgfsys-dvipdfmx.def 2023-01-15 v3.1.10 (3.1.10)

(C:\Users\athgi\AppData\Local\Programs\MiKTeX\tex/generic/pgf/systemlayer\pgfsy
s-common-pdf.def
File: pgfsys-common-pdf.def 2023-01-15 v3.1.10 (3.1.10)
)
\pgfsys@objnum=\count374
)))
(C:\Users\athgi\AppData\Local\Programs\MiKTeX\tex/generic/pgf/systemlayer\pgfsy
ssoftpath.code.tex
File: pgfsyssoftpath.code.tex 2023-01-15 v3.1.10 (3.1.10)
\pgfsyssoftpath@smallbuffer@items=\count375
\pgfsyssoftpath@bigbuffer@items=\count376
)
(C:\Users\athgi\AppData\Local\Programs\MiKTeX\tex/generic/pgf/systemlayer\pgfsy
sprotocol.code.tex
File: pgfsysprotocol.code.tex 2023-01-15 v3.1.10 (3.1.10)
))
(C:\Users\athgi\AppData\Local\Programs\MiKTeX\tex/generic/pgf/basiclayer\pgfcor
e.code.tex
Package: pgfcore 2023-01-15 v3.1.10 (3.1.10)

(C:\Users\athgi\AppData\Local\Programs\MiKTeX\tex/generic/pgf/math\pgfmath.code
.tex
(C:\Users\athgi\AppData\Local\Programs\MiKTeX\tex/generic/pgf/math\pgfmathutil.
code.tex)
(C:\Users\athgi\AppData\Local\Programs\MiKTeX\tex/generic/pgf/math\pgfmathparse
r.code.tex
\pgfmath@dimen=\dimen302
\pgfmath@count=\count377
\pgfmath@box=\box125
\pgfmath@toks=\toks55
\pgfmath@stack@operand=\toks56
\pgfmath@stack@operation=\toks57
)
(C:\Users\athgi\AppData\Local\Programs\MiKTeX\tex/generic/pgf/math\pgfmathfunct
ions.code.tex)
(C:\Users\athgi\AppData\Local\Programs\MiKTeX\tex/generic/pgf/math\pgfmathfunct
ions.basic.code.tex)
(C:\Users\athgi\AppData\Local\Programs\MiKTeX\tex/generic/pgf/math\pgfmathfunct
ions.trigonometric.code.tex)
(C:\Users\athgi\AppData\Local\Programs\MiKTeX\tex/generic/pgf/math\pgfmathfunct
ions.random.code.tex)
(C:\Users\athgi\AppData\Local\Programs\MiKTeX\tex/generic/pgf/math\pgfmathfunct
ions.comparison.code.tex)
(C:\Users\athgi\AppData\Local\Programs\MiKTeX\tex/generic/pgf/math\pgfmathfunct
ions.base.code.tex)
(C:\Users\athgi\AppData\Local\Programs\MiKTeX\tex/generic/pgf/math\pgfmathfunct
ions.round.code.tex)
(C:\Users\athgi\AppData\Local\Programs\MiKTeX\tex/generic/pgf/math\pgfmathfunct
ions.misc.code.tex)
(C:\Users\athgi\AppData\Local\Programs\MiKTeX\tex/generic/pgf/math\pgfmathfunct
ions.integerarithmetics.code.tex)
(C:\Users\athgi\AppData\Local\Programs\MiKTeX\tex/generic/pgf/math\pgfmathcalc.
code.tex)
(C:\Users\athgi\AppData\Local\Programs\MiKTeX\tex/generic/pgf/math\pgfmathfloat
.code.tex
\c@pgfmathroundto@lastzeros=\count378
))
(C:\Users\athgi\AppData\Local\Programs\MiKTeX\tex/generic/pgf/math\pgfint.code.
tex)
(C:\Users\athgi\AppData\Local\Programs\MiKTeX\tex/generic/pgf/basiclayer\pgfcor
epoints.code.tex
File: pgfcorepoints.code.tex 2023-01-15 v3.1.10 (3.1.10)
\pgf@picminx=\dimen303
\pgf@picmaxx=\dimen304
\pgf@picminy=\dimen305
\pgf@picmaxy=\dimen306
\pgf@pathminx=\dimen307
\pgf@pathmaxx=\dimen308
\pgf@pathminy=\dimen309
\pgf@pathmaxy=\dimen310
\pgf@xx=\dimen311
\pgf@xy=\dimen312
\pgf@yx=\dimen313
\pgf@yy=\dimen314
\pgf@zx=\dimen315
\pgf@zy=\dimen316
)
(C:\Users\athgi\AppData\Local\Programs\MiKTeX\tex/generic/pgf/basiclayer\pgfcor
epathconstruct.code.tex
File: pgfcorepathconstruct.code.tex 2023-01-15 v3.1.10 (3.1.10)
\pgf@path@lastx=\dimen317
\pgf@path@lasty=\dimen318
)
(C:\Users\athgi\AppData\Local\Programs\MiKTeX\tex/generic/pgf/basiclayer\pgfcor
epathusage.code.tex
File: pgfcorepathusage.code.tex 2023-01-15 v3.1.10 (3.1.10)
\pgf@shorten@end@additional=\dimen319
\pgf@shorten@start@additional=\dimen320
)
(C:\Users\athgi\AppData\Local\Programs\MiKTeX\tex/generic/pgf/basiclayer\pgfcor
escopes.code.tex
File: pgfcorescopes.code.tex 2023-01-15 v3.1.10 (3.1.10)
\pgfpic=\box126
\pgf@hbox=\box127
\pgf@layerbox@main=\box128
\pgf@picture@serial@count=\count379
)
(C:\Users\athgi\AppData\Local\Programs\MiKTeX\tex/generic/pgf/basiclayer\pgfcor
egraphicstate.code.tex
File: pgfcoregraphicstate.code.tex 2023-01-15 v3.1.10 (3.1.10)
\pgflinewidth=\dimen321
)
(C:\Users\athgi\AppData\Local\Programs\MiKTeX\tex/generic/pgf/basiclayer\pgfcor
etransformations.code.tex
File: pgfcoretransformations.code.tex 2023-01-15 v3.1.10 (3.1.10)
\pgf@pt@x=\dimen322
\pgf@pt@y=\dimen323
\pgf@pt@temp=\dimen324
)
(C:\Users\athgi\AppData\Local\Programs\MiKTeX\tex/generic/pgf/basiclayer\pgfcor
equick.code.tex
File: pgfcorequick.code.tex 2023-01-15 v3.1.10 (3.1.10)
)
(C:\Users\athgi\AppData\Local\Programs\MiKTeX\tex/generic/pgf/basiclayer\pgfcor
eobjects.code.tex
File: pgfcoreobjects.code.tex 2023-01-15 v3.1.10 (3.1.10)
)
(C:\Users\athgi\AppData\Local\Programs\MiKTeX\tex/generic/pgf/basiclayer\pgfcor
epathprocessing.code.tex
File: pgfcorepathprocessing.code.tex 2023-01-15 v3.1.10 (3.1.10)
)
(C:\Users\athgi\AppData\Local\Programs\MiKTeX\tex/generic/pgf/basiclayer\pgfcor
earrows.code.tex
File: pgfcorearrows.code.tex 2023-01-15 v3.1.10 (3.1.10)
\pgfarrowsep=\dimen325
)
(C:\Users\athgi\AppData\Local\Programs\MiKTeX\tex/generic/pgf/basiclayer\pgfcor
eshade.code.tex
File: pgfcoreshade.code.tex 2023-01-15 v3.1.10 (3.1.10)
\pgf@max=\dimen326
\pgf@sys@shading@range@num=\count380
\pgf@shadingcount=\count381
)
(C:\Users\athgi\AppData\Local\Programs\MiKTeX\tex/generic/pgf/basiclayer\pgfcor
eimage.code.tex
File: pgfcoreimage.code.tex 2023-01-15 v3.1.10 (3.1.10)
)
(C:\Users\athgi\AppData\Local\Programs\MiKTeX\tex/generic/pgf/basiclayer\pgfcor
eexternal.code.tex
File: pgfcoreexternal.code.tex 2023-01-15 v3.1.10 (3.1.10)
\pgfexternal@startupbox=\box129
)
(C:\Users\athgi\AppData\Local\Programs\MiKTeX\tex/generic/pgf/basiclayer\pgfcor
elayers.code.tex
File: pgfcorelayers.code.tex 2023-01-15 v3.1.10 (3.1.10)
)
(C:\Users\athgi\AppData\Local\Programs\MiKTeX\tex/generic/pgf/basiclayer\pgfcor
etransparency.code.tex
File: pgfcoretransparency.code.tex 2023-01-15 v3.1.10 (3.1.10)
)
(C:\Users\athgi\AppData\Local\Programs\MiKTeX\tex/generic/pgf/basiclayer\pgfcor
epatterns.code.tex
File: pgfcorepatterns.code.tex 2023-01-15 v3.1.10 (3.1.10)
)
(C:\Users\athgi\AppData\Local\Programs\MiKTeX\tex/generic/pgf/basiclayer\pgfcor
erdf.code.tex
File: pgfcorerdf.code.tex 2023-01-15 v3.1.10 (3.1.10)
)))
(C:\Users\athgi\AppData\Local\Programs\MiKTeX\tex/generic/pgf/modules\pgfmodule
shapes.code.tex
File: pgfmoduleshapes.code.tex 2023-01-15 v3.1.10 (3.1.10)
\pgfnodeparttextbox=\box130
)
(C:\Users\athgi\AppData\Local\Programs\MiKTeX\tex/generic/pgf/modules\pgfmodule
plot.code.tex
File: pgfmoduleplot.code.tex 2023-01-15 v3.1.10 (3.1.10)
)
(C:\Users\athgi\AppData\Local\Programs\MiKTeX\tex/latex/pgf/compatibility\pgfco
mp-version-0-65.sty
Package: pgfcomp-version-0-65 2023-01-15 v3.1.10 (3.1.10)
\pgf@nodesepstart=\dimen327
\pgf@nodesepend=\dimen328
)
(C:\Users\athgi\AppData\Local\Programs\MiKTeX\tex/latex/pgf/compatibility\pgfco
mp-version-1-18.sty
Package: pgfcomp-version-1-18 2023-01-15 v3.1.10 (3.1.10)
))
(C:\Users\athgi\AppData\Local\Programs\MiKTeX\tex/latex/tools\verbatim.sty
Package: verbatim 2022-07-02 v1.5u LaTeX2e package for verbatim enhancements
\every@verbatim=\toks58
\verbatim@line=\toks59
\verbatim@in@stream=\read3
)
(C:\Users\athgi\AppData\Local\Programs\MiKTeX\tex/latex/environ\environ.sty
Package: environ 2014/05/04 v0.3 A new way to define environments

(C:\Users\athgi\AppData\Local\Programs\MiKTeX\tex/latex/trimspaces\trimspaces.s
ty
Package: trimspaces 2009/09/17 v1.1 Trim spaces around a token list
))
\tcb@titlebox=\box131
\tcb@upperbox=\box132
\tcb@lowerbox=\box133
\tcb@phantombox=\box134
\c@tcbbreakpart=\count382
\c@tcblayer=\count383
\c@tcolorbox@number=\count384
\tcb@temp=\box135
\tcb@temp=\box136
\tcb@temp=\box137
\tcb@temp=\box138
)
(C:\Users\athgi\AppData\Local\Programs\MiKTeX\tex/latex/thmtools\thmtools.sty
Package: thmtools 2023/05/04 v0.76
\thmt@toks=\toks60
\c@thmt@dummyctr=\count385

(C:\Users\athgi\AppData\Local\Programs\MiKTeX\tex/latex/thmtools\thm-patch.sty
Package: thm-patch 2023/05/04 v0.76

(C:\Users\athgi\AppData\Local\Programs\MiKTeX\tex/latex/thmtools\parseargs.sty
Package: parseargs 2023/05/04 v0.76
\@parsespec=\toks61
)) (C:\Users\athgi\AppData\Local\Programs\MiKTeX\tex/latex/thmtools\thm-kv.sty
Package: thm-kv 2023/05/04 v0.76
Package thm-kv Info: Theorem names will be uppercased on input line 42.
Package thm-kv Info: kvsetkeys patch (v1.16 or later) on input line 158.
)
(C:\Users\athgi\AppData\Local\Programs\MiKTeX\tex/latex/thmtools\thm-autoref.st
y
Package: thm-autoref 2023/05/04 v0.76
 (C:\Users\athgi\AppData\Local\Programs\MiKTeX\tex/latex/thmtools\aliasctr.sty
Package: aliasctr 2023/05/04 v0.76
))
(C:\Users\athgi\AppData\Local\Programs\MiKTeX\tex/latex/thmtools\thm-listof.sty
Package: thm-listof 2023/05/04 v0.76
)
(C:\Users\athgi\AppData\Local\Programs\MiKTeX\tex/latex/thmtools\thm-restate.st
y
Package: thm-restate 2023/05/04 v0.76
)
(C:\Users\athgi\AppData\Local\Programs\MiKTeX\tex/latex/thmtools\thm-amsthm.sty
Package: thm-amsthm 2023/05/04 v0.76
\thmt@style@headstyle=\toks62
))
(C:\Users\athgi\AppData\Local\Programs\MiKTeX\tex/latex/pgf/frontendlayer\tikz.
sty
(C:\Users\athgi\AppData\Local\Programs\MiKTeX\tex/latex/pgf/utilities\pgffor.st
y
(C:\Users\athgi\AppData\Local\Programs\MiKTeX\tex/latex/pgf/utilities\pgfkeys.s
ty
(C:\Users\athgi\AppData\Local\Programs\MiKTeX\tex/generic/pgf/utilities\pgfkeys
.code.tex))
(C:\Users\athgi\AppData\Local\Programs\MiKTeX\tex/latex/pgf/math\pgfmath.sty
(C:\Users\athgi\AppData\Local\Programs\MiKTeX\tex/generic/pgf/math\pgfmath.code
.tex))
(C:\Users\athgi\AppData\Local\Programs\MiKTeX\tex/generic/pgf/utilities\pgffor.
code.tex
Package: pgffor 2023-01-15 v3.1.10 (3.1.10)
\pgffor@iter=\dimen329
\pgffor@skip=\dimen330
\pgffor@stack=\toks63
\pgffor@toks=\toks64
))
(C:\Users\athgi\AppData\Local\Programs\MiKTeX\tex/generic/pgf/frontendlayer/tik
z\tikz.code.tex
Package: tikz 2023-01-15 v3.1.10 (3.1.10)

(C:\Users\athgi\AppData\Local\Programs\MiKTeX\tex/generic/pgf/libraries\pgflibr
aryplothandlers.code.tex
File: pgflibraryplothandlers.code.tex 2023-01-15 v3.1.10 (3.1.10)
\pgf@plot@mark@count=\count386
\pgfplotmarksize=\dimen331
)
\tikz@lastx=\dimen332
\tikz@lasty=\dimen333
\tikz@lastxsaved=\dimen334
\tikz@lastysaved=\dimen335
\tikz@lastmovetox=\dimen336
\tikz@lastmovetoy=\dimen337
\tikzleveldistance=\dimen338
\tikzsiblingdistance=\dimen339
\tikz@figbox=\box139
\tikz@figbox@bg=\box140
\tikz@tempbox=\box141
\tikz@tempbox@bg=\box142
\tikztreelevel=\count387
\tikznumberofchildren=\count388
\tikznumberofcurrentchild=\count389
\tikz@fig@count=\count390

(C:\Users\athgi\AppData\Local\Programs\MiKTeX\tex/generic/pgf/modules\pgfmodule
matrix.code.tex
File: pgfmodulematrix.code.tex 2023-01-15 v3.1.10 (3.1.10)
\pgfmatrixcurrentrow=\count391
\pgfmatrixcurrentcolumn=\count392
\pgf@matrix@numberofcolumns=\count393
)
\tikz@expandcount=\count394

(C:\Users\athgi\AppData\Local\Programs\MiKTeX\tex/generic/pgf/frontendlayer/tik
z/libraries\tikzlibrarytopaths.code.tex
File: tikzlibrarytopaths.code.tex 2023-01-15 v3.1.10 (3.1.10)
)))
(C:\Users\athgi\AppData\Local\Programs\MiKTeX\tex/latex/titlesec\titlesec.sty
Package: titlesec 2021/07/05 v2.14 Sectioning titles
\ttl@box=\box143
\beforetitleunit=\skip83
\aftertitleunit=\skip84
\ttl@plus=\dimen340
\ttl@minus=\dimen341
\ttl@toksa=\toks65
\titlewidth=\dimen342
\titlewidthlast=\dimen343
\titlewidthfirst=\dimen344
)
(C:\Users\athgi\AppData\Local\Programs\MiKTeX\tex/latex/titlesec\titletoc.sty
Package: titletoc 2021/07/05 v2.14 TOC entries
\ttl@leftsep=\dimen345
)
(C:\Users\athgi\AppData\Local\Programs\MiKTeX\tex/latex/ulem\ulem.sty
\UL@box=\box144
\UL@hyphenbox=\box145
\UL@skip=\skip85
\UL@hook=\toks66
\UL@height=\dimen346
\UL@pe=\count395
\UL@pixel=\dimen347
\ULC@box=\box146
Package: ulem 2019/11/18
\ULdepth=\dimen348
)
(C:\Users\athgi\AppData\Local\Programs\MiKTeX\tex/latex/xifthen\xifthen.sty
Package: xifthen 2015/11/05 v1.4.0 Extended ifthen features

(C:\Users\athgi\AppData\Local\Programs\MiKTeX\tex/latex/ifmtarg\ifmtarg.sty
Package: ifmtarg 2018/04/16 v1.2b check for an empty argument
))
\Topo@idxfile=\write5
\openout5 = `Topo.idx'.


Writing index file Topo.idx
\symbol@idxfile=\write6
\openout6 = `symbol.idx'.

Writing index file symbol.idx

(C:\Users\athgi\AppData\Local\Programs\MiKTeX\tex/latex/tikz-cd\tikzlibrarycd.c
ode.tex
(C:\Users\athgi\AppData\Local\Programs\MiKTeX\tex/generic/pgf/frontendlayer/tik
z/libraries\tikzlibrarymatrix.code.tex
File: tikzlibrarymatrix.code.tex 2023-01-15 v3.1.10 (3.1.10)
)
(C:\Users\athgi\AppData\Local\Programs\MiKTeX\tex/generic/pgf/frontendlayer/tik
z/libraries\tikzlibraryquotes.code.tex
File: tikzlibraryquotes.code.tex 2023-01-15 v3.1.10 (3.1.10)
)
(C:\Users\athgi\AppData\Local\Programs\MiKTeX\tex/generic/pgf/libraries\pgflibr
aryarrows.meta.code.tex
File: pgflibraryarrows.meta.code.tex 2023-01-15 v3.1.10 (3.1.10)
\pgfarrowinset=\dimen349
\pgfarrowlength=\dimen350
\pgfarrowwidth=\dimen351
\pgfarrowlinewidth=\dimen352
))
(C:\Users\athgi\AppData\Local\Programs\MiKTeX\tex/generic/pgf/frontendlayer/tik
z/libraries\tikzlibrarybackgrounds.code.tex
File: tikzlibrarybackgrounds.code.tex 2023-01-15 v3.1.10 (3.1.10)
\pgf@layerbox@background=\box147
\pgf@layerboxsaved@background=\box148
)
(C:\Users\athgi\AppData\Local\Programs\MiKTeX\tex/generic/pgf/frontendlayer/tik
z/libraries\tikzlibrarycalc.code.tex
File: tikzlibrarycalc.code.tex 2023-01-15 v3.1.10 (3.1.10)
)
(C:\Users\athgi\AppData\Local\Programs\MiKTeX\tex/generic/pgf/frontendlayer/tik
z/libraries\tikzlibraryshadows.code.tex
File: tikzlibraryshadows.code.tex 2023-01-15 v3.1.10 (3.1.10)

(C:\Users\athgi\AppData\Local\Programs\MiKTeX\tex/generic/pgf/frontendlayer/tik
z/libraries\tikzlibraryfadings.code.tex
File: tikzlibraryfadings.code.tex 2023-01-15 v3.1.10 (3.1.10)

(C:\Users\athgi\AppData\Local\Programs\MiKTeX\tex/generic/pgf/libraries\pgflibr
aryfadings.code.tex
File: pgflibraryfadings.code.tex 2023-01-15 v3.1.10 (3.1.10)
)))
(C:\Users\athgi\AppData\Local\Programs\MiKTeX\tex/generic/pgf/frontendlayer/tik
z/libraries\tikzlibrarypositioning.code.tex
File: tikzlibrarypositioning.code.tex 2023-01-15 v3.1.10 (3.1.10)
)
(C:\Users\athgi\AppData\Local\Programs\MiKTeX\tex/generic/pgf/frontendlayer/tik
z/libraries\tikzlibraryfit.code.tex
File: tikzlibraryfit.code.tex 2023-01-15 v3.1.10 (3.1.10)
)
(C:\Users\athgi\AppData\Local\Programs\MiKTeX\tex/generic/pgf/frontendlayer/tik
z/libraries\tikzlibraryintersections.code.tex
(C:\Users\athgi\AppData\Local\Programs\MiKTeX\tex/generic/pgf/libraries\pgflibr
aryintersections.code.tex
(C:\Users\athgi\AppData\Local\Programs\MiKTeX\tex/generic/pgf/libraries\pgflibr
aryfpu.code.tex)
\pgf@intersect@solutions=\count396
))
(C:\Users\athgi\AppData\Local\Programs\MiKTeX\tex/generic/pgf/frontendlayer/tik
z/libraries\tikzlibrarythrough.code.tex
File: tikzlibrarythrough.code.tex 2023-01-15 v3.1.10 (3.1.10)
)
(C:\Users\athgi\AppData\Local\Programs\MiKTeX\tex/generic/pgf/frontendlayer/tik
z/libraries\tikzlibrarybending.code.tex
File: tikzlibrarybending.code.tex 2023-01-15 v3.1.10 (3.1.10)

(C:\Users\athgi\AppData\Local\Programs\MiKTeX\tex/generic/pgf/modules\pgfmodule
bending.code.tex
File: pgfmodulebending.code.tex 2023-01-15 v3.1.10 (3.1.10)

(C:\Users\athgi\AppData\Local\Programs\MiKTeX\tex/generic/pgf/modules\pgfmodule
nonlineartransformations.code.tex
File: pgfmodulenonlineartransformations.code.tex 2023-01-15 v3.1.10 (3.1.10)
\pgftransformnonlinearflatness=\dimen353
)
(C:\Users\athgi\AppData\Local\Programs\MiKTeX\tex/generic/pgf/libraries\pgflibr
arycurvilinear.code.tex
File: pgflibrarycurvilinear.code.tex 2023-01-15 v3.1.10 (3.1.10)
\pgf@curvilinear@time@a=\dimen354
\pgf@curvilinear@length@a=\dimen355
\pgf@curvilinear@length@b=\dimen356
\pgf@curvilinear@length@c=\dimen357
\pgf@curvilinear@length@d=\dimen358
)
\pgf@arrows@the@rigidity=\dimen359
))
(C:\Users\athgi\AppData\Local\Programs\MiKTeX\tex/generic/pgf/frontendlayer/tik
z/libraries\tikzlibrarypetri.code.tex
File: tikzlibrarypetri.code.tex 2023-01-15 v3.1.10 (3.1.10)
)
Package hyperref Info: Option `colorlinks' set `true' on input line 192.
\c@theoremn=\count397
\c@theoremarab=\count398
\c@lemma=\count399
\c@problem=\count400

Package fontspec Info: Font family 'TeXGyreTermes(0)' created for font 'TeX
(fontspec)             Gyre Termes' with options [Ligatures=TeX].
(fontspec)              
(fontspec)              This font family consists of the following NFSS
(fontspec)             series/shapes:
(fontspec)              
(fontspec)             - 'normal' (m/n) with NFSS spec.: <->"TeX Gyre
(fontspec)             Termes/OT:script=latn;language=dflt;mapping=tex-text;"
(fontspec)             - 'small caps'  (m/sc) with NFSS spec.: <->"TeX Gyre
(fontspec)             Termes/OT:script=latn;language=dflt;+smcp;mapping=tex-te
xt;"
(fontspec)             - 'bold' (b/n) with NFSS spec.: <->"TeX Gyre
(fontspec)             Termes/B/OT:script=latn;language=dflt;mapping=tex-text;"

(fontspec)             - 'bold small caps'  (b/sc) with NFSS spec.: <->"TeX
(fontspec)             Gyre
(fontspec)             Termes/B/OT:script=latn;language=dflt;+smcp;mapping=tex-
text;"
(fontspec)             - 'italic' (m/it) with NFSS spec.: <->"TeX Gyre
(fontspec)             Termes/I/OT:script=latn;language=dflt;mapping=tex-text;"

(fontspec)             - 'italic small caps'  (m/scit) with NFSS spec.:
(fontspec)             <->"TeX Gyre
(fontspec)             Termes/I/OT:script=latn;language=dflt;+smcp;mapping=tex-
text;"
(fontspec)             - 'bold italic' (b/it) with NFSS spec.: <->"TeX Gyre
(fontspec)             Termes/BI/OT:script=latn;language=dflt;mapping=tex-text;
"
(fontspec)             - 'bold italic small caps'  (b/scit) with NFSS spec.:
(fontspec)             <->"TeX Gyre
(fontspec)             Termes/BI/OT:script=latn;language=dflt;+smcp;mapping=tex
-text;"


Package fontspec Info: Font family 'FuturaLTPro(0)' created for font 'Futura
(fontspec)             LT Pro' with options [Ligatures=TeX].
(fontspec)              
(fontspec)              This font family consists of the following NFSS
(fontspec)             series/shapes:
(fontspec)              
(fontspec)             - 'normal' (m/n) with NFSS spec.: <->"Futura LT
(fontspec)             Pro/OT:script=latn;language=dflt;mapping=tex-text;"
(fontspec)             - 'small caps'  (m/sc) with NFSS spec.: 
(fontspec)             - 'bold' (b/n) with NFSS spec.: <->"Futura LT
(fontspec)             Pro/B/OT:script=latn;language=dflt;mapping=tex-text;"
(fontspec)             - 'bold small caps'  (b/sc) with NFSS spec.: 
(fontspec)             - 'italic' (m/it) with NFSS spec.: <->"Futura LT
(fontspec)             Pro/I/OT:script=latn;language=dflt;mapping=tex-text;"
(fontspec)             - 'italic small caps'  (m/scit) with NFSS spec.: 
(fontspec)             - 'bold italic' (b/it) with NFSS spec.: <->"Futura LT
(fontspec)             Pro/BI/OT:script=latn;language=dflt;mapping=tex-text;"
(fontspec)             - 'bold italic small caps'  (b/scit) with NFSS spec.: 


Package fontspec Info: Font family 'Consolas(0)' created for font 'Consolas'
(fontspec)             with options
(fontspec)             [WordSpace={1,0,0},HyphenChar=None,PunctuationSpace=Word
Space].
(fontspec)              
(fontspec)              This font family consists of the following NFSS
(fontspec)             series/shapes:
(fontspec)              
(fontspec)             - 'normal' (m/n) with NFSS spec.:
(fontspec)             <->"Consolas/OT:script=latn;language=dflt;"
(fontspec)             - 'small caps'  (m/sc) with NFSS spec.: 
(fontspec)             and font adjustment code:
(fontspec)             \fontdimen 2\font =1\fontdimen 2\font \fontdimen 3\font
(fontspec)             =0\fontdimen 3\font \fontdimen 4\font =0\fontdimen
(fontspec)             4\font \fontdimen 7\font =0\fontdimen 2\font
(fontspec)             \tex_hyphenchar:D \font =-1\scan_stop: 
(fontspec)             - 'bold' (b/n) with NFSS spec.:
(fontspec)             <->"Consolas/B/OT:script=latn;language=dflt;"
(fontspec)             - 'bold small caps'  (b/sc) with NFSS spec.: 
(fontspec)             and font adjustment code:
(fontspec)             \fontdimen 2\font =1\fontdimen 2\font \fontdimen 3\font
(fontspec)             =0\fontdimen 3\font \fontdimen 4\font =0\fontdimen
(fontspec)             4\font \fontdimen 7\font =0\fontdimen 2\font
(fontspec)             \tex_hyphenchar:D \font =-1\scan_stop: 
(fontspec)             - 'italic' (m/it) with NFSS spec.:
(fontspec)             <->"Consolas/I/OT:script=latn;language=dflt;"
(fontspec)             - 'italic small caps'  (m/scit) with NFSS spec.: 
(fontspec)             and font adjustment code:
(fontspec)             \fontdimen 2\font =1\fontdimen 2\font \fontdimen 3\font
(fontspec)             =0\fontdimen 3\font \fontdimen 4\font =0\fontdimen
(fontspec)             4\font \fontdimen 7\font =0\fontdimen 2\font
(fontspec)             \tex_hyphenchar:D \font =-1\scan_stop: 
(fontspec)             - 'bold italic' (b/it) with NFSS spec.:
(fontspec)             <->"Consolas/BI/OT:script=latn;language=dflt;"
(fontspec)             - 'bold italic small caps'  (b/scit) with NFSS spec.: 
(fontspec)             and font adjustment code:
(fontspec)             \fontdimen 2\font =1\fontdimen 2\font \fontdimen 3\font
(fontspec)             =0\fontdimen 3\font \fontdimen 4\font =0\fontdimen
(fontspec)             4\font \fontdimen 7\font =0\fontdimen 2\font
(fontspec)             \tex_hyphenchar:D \font =-1\scan_stop: 


(C:\Users\athgi\AppData\Local\Programs\MiKTeX\tex/latex/mtpro2\mtpro2.sty
Package: mtpro2 2009/4/27 v2.3 MathTimePro II - added arc accents MathTimePro I
I - fixed rbrace problem with straightbraces and morphedbraces options MathTime
Pro II - fix bug with z = \backslash widetilde{\backslash sum_{x }}MathTimePro 
II v2 font support (PCTeX/WaS)MathTimePro II v2.1a Allowed alternate form of I 
in Math Script Fonts (MS)
LaTeX Font Info:    Redeclaring symbol font `operators' on input line 110.
LaTeX Font Info:    Encoding `OT1' has changed to `TU' for symbol font
(Font)              `operators' in the math version `normal' on input line 110.

LaTeX Font Info:    Overwriting symbol font `operators' in version `normal'
(Font)                  OT1/cmr/m/n --> TU/TeXGyreTermes(0)/m/n on input line 1
10.
LaTeX Font Info:    Encoding `OT1' has changed to `TU' for symbol font
(Font)              `operators' in the math version `bold' on input line 110.
LaTeX Font Info:    Overwriting symbol font `operators' in version `bold'
(Font)                  OT1/cmr/bx/n --> TU/TeXGyreTermes(0)/m/n on input line 
110.
LaTeX Font Info:    Redeclaring symbol font `letters' on input line 111.
LaTeX Font Info:    Encoding `OML' has changed to `LMP1' for symbol font
(Font)              `letters' in the math version `normal' on input line 111.
LaTeX Font Info:    Overwriting symbol font `letters' in version `normal'
(Font)                  OML/cmm/m/it --> LMP1/mtt/m/it on input line 111.
LaTeX Font Info:    Encoding `OML' has changed to `LMP1' for symbol font
(Font)              `letters' in the math version `bold' on input line 111.
LaTeX Font Info:    Overwriting symbol font `letters' in version `bold'
(Font)                  OML/cmm/b/it --> LMP1/mtt/m/it on input line 111.
LaTeX Font Info:    Redeclaring symbol font `symbols' on input line 112.
LaTeX Font Info:    Encoding `OMS' has changed to `LMP2' for symbol font
(Font)              `symbols' in the math version `normal' on input line 112.
LaTeX Font Info:    Overwriting symbol font `symbols' in version `normal'
(Font)                  OMS/cmsy/m/n --> LMP2/mtt/m/n on input line 112.
LaTeX Font Info:    Encoding `OMS' has changed to `LMP2' for symbol font
(Font)              `symbols' in the math version `bold' on input line 112.
LaTeX Font Info:    Overwriting symbol font `symbols' in version `bold'
(Font)                  OMS/cmsy/b/n --> LMP2/mtt/m/n on input line 112.
LaTeX Font Info:    Redeclaring symbol font `largesymbols' on input line 113.
LaTeX Font Info:    Encoding `OMX' has changed to `LMP3' for symbol font
(Font)              `largesymbols' in the math version `normal' on input line 1
13.
LaTeX Font Info:    Overwriting symbol font `largesymbols' in version `normal'
(Font)                  OMX/cmex/m/n --> LMP3/mtt/m/n on input line 113.
LaTeX Font Info:    Encoding `OMX' has changed to `LMP3' for symbol font
(Font)              `largesymbols' in the math version `bold' on input line 113
.
LaTeX Font Info:    Overwriting symbol font `largesymbols' in version `bold'
(Font)                  OMX/cmex/m/n --> LMP3/mtt/m/n on input line 113.
\pointcount@=\count401
LaTeX Font Info:    Redeclaring math alphabet \mathbf on input line 140.
LaTeX Font Info:    Redeclaring math alphabet \mathit on input line 141.
LaTeX Font Info:    Overwriting math alphabet `\mathit' in version `normal'
(Font)                  OT1/cmr/m/it --> TU/TeXGyreTermes(0)/m/it on input line
 141.
LaTeX Font Info:    Overwriting math alphabet `\mathit' in version `bold'
(Font)                  OT1/cmr/bx/it --> TU/TeXGyreTermes(0)/m/it on input lin
e 141.
LaTeX Font Info:    Redeclaring math alphabet \mathsf on input line 142.
LaTeX Font Info:    Overwriting math alphabet `\mathsf' in version `normal'
(Font)                  OT1/cmss/m/n --> TU/FuturaLTPro(0)/m/n on input line 14
2.
LaTeX Font Info:    Overwriting math alphabet `\mathsf' in version `bold'
(Font)                  OT1/cmss/bx/n --> TU/FuturaLTPro(0)/m/n on input line 1
42.
LaTeX Font Info:    Redeclaring math alphabet \mathtt on input line 143.
LaTeX Font Info:    Overwriting math alphabet `\mathtt' in version `normal'
(Font)                  OT1/cmtt/m/n --> TU/Consolas(0)/m/n on input line 143.
LaTeX Font Info:    Overwriting math alphabet `\mathtt' in version `bold'
(Font)                  OT1/cmtt/m/n --> TU/Consolas(0)/m/n on input line 143.
LaTeX Font Info:    Overwriting math alphabet `\mathit' in version `bold'
(Font)                  TU/TeXGyreTermes(0)/m/it --> TU/TeXGyreTermes(0)/b/it o
n input line 144.
LaTeX Font Info:    Overwriting math alphabet `\mathsf' in version `bold'
(Font)                  TU/FuturaLTPro(0)/m/n --> TU/FuturaLTPro(0)/b/n on inpu
t line 145.
LaTeX Font Info:    Overwriting math alphabet `\mathtt' in version `bold'
(Font)                  TU/Consolas(0)/m/n --> TU/Consolas(0)/b/n on input line
 146.
LaTeX Font Info:    Overwriting math alphabet `\mathcal' in version `bold'
(Font)                  OMS/cmsy/m/n --> OMS/cmsy/b/n on input line 190.
LaTeX Font Info:    Redeclaring math symbol \alpha on input line 344.
LaTeX Font Info:    Redeclaring math symbol \beta on input line 345.
LaTeX Font Info:    Redeclaring math symbol \gamma on input line 346.
LaTeX Font Info:    Redeclaring math symbol \delta on input line 347.
LaTeX Font Info:    Redeclaring math symbol \epsilon on input line 348.
LaTeX Font Info:    Redeclaring math symbol \zeta on input line 349.
LaTeX Font Info:    Redeclaring math symbol \eta on input line 350.
LaTeX Font Info:    Redeclaring math symbol \theta on input line 351.
LaTeX Font Info:    Redeclaring math symbol \iota on input line 352.
LaTeX Font Info:    Redeclaring math symbol \kappa on input line 353.
LaTeX Font Info:    Redeclaring math symbol \lambda on input line 354.
LaTeX Font Info:    Redeclaring math symbol \mu on input line 355.
LaTeX Font Info:    Redeclaring math symbol \nu on input line 356.
LaTeX Font Info:    Redeclaring math symbol \xi on input line 357.
LaTeX Font Info:    Redeclaring math symbol \pi on input line 358.
LaTeX Font Info:    Redeclaring math symbol \rho on input line 359.
LaTeX Font Info:    Redeclaring math symbol \sigma on input line 360.
LaTeX Font Info:    Redeclaring math symbol \tau on input line 361.
LaTeX Font Info:    Redeclaring math symbol \upsilon on input line 362.
LaTeX Font Info:    Redeclaring math symbol \phi on input line 363.
LaTeX Font Info:    Redeclaring math symbol \chi on input line 364.
LaTeX Font Info:    Redeclaring math symbol \psi on input line 365.
LaTeX Font Info:    Redeclaring math symbol \omega on input line 366.
LaTeX Font Info:    Redeclaring math symbol \varepsilon on input line 367.
LaTeX Font Info:    Redeclaring math symbol \vartheta on input line 368.
LaTeX Font Info:    Redeclaring math symbol \varpi on input line 369.
LaTeX Font Info:    Redeclaring math symbol \varrho on input line 370.
LaTeX Font Info:    Redeclaring math symbol \varsigma on input line 371.
LaTeX Font Info:    Redeclaring math symbol \varphi on input line 372.
LaTeX Font Info:    Redeclaring math symbol \varkappa on input line 373.
LaTeX Font Info:    Redeclaring math symbol \Delta on input line 397.
LaTeX Font Info:    Redeclaring math symbol \Theta on input line 398.
LaTeX Font Info:    Redeclaring math symbol \Lambda on input line 399.
LaTeX Font Info:    Redeclaring math symbol \Xi on input line 400.
LaTeX Font Info:    Redeclaring math symbol \Pi on input line 401.
LaTeX Font Info:    Redeclaring math symbol \Sigma on input line 402.
LaTeX Font Info:    Redeclaring math symbol \Upsilon on input line 403.
LaTeX Font Info:    Redeclaring math symbol \Phi on input line 404.
LaTeX Font Info:    Redeclaring math symbol \Psi on input line 405.
LaTeX Font Info:    Redeclaring math symbol \Omega on input line 406.
LaTeX Font Info:    Redeclaring math symbol \triangleleft on input line 451.
LaTeX Font Info:    Redeclaring math symbol \triangleright on input line 452.
LaTeX Font Info:    Redeclaring math symbol \ddagger on input line 453.
LaTeX Font Info:    Redeclaring math symbol \dagger on input line 454.
LaTeX Font Info:    Redeclaring math symbol \ldotp on input line 457.
LaTeX Font Info:    Redeclaring math accent \vec on input line 468.
LaTeX Font Info:    Redeclaring math accent \grave on input line 469.
LaTeX Font Info:    Redeclaring math accent \acute on input line 470.
LaTeX Font Info:    Redeclaring math accent \check on input line 471.
LaTeX Font Info:    Redeclaring math accent \breve on input line 472.
LaTeX Font Info:    Redeclaring math accent \bar on input line 473.
LaTeX Font Info:    Redeclaring math accent \hat on input line 474.
LaTeX Font Info:    Redeclaring math accent \dot on input line 475.
LaTeX Font Info:    Redeclaring math accent \tilde on input line 476.
LaTeX Font Info:    Redeclaring math accent \ddot on input line 477.
LaTeX Font Info:    Redeclaring math accent \mathring on input line 478.
LaTeX Font Info:    Redeclaring math symbol \braceld on input line 479.
LaTeX Font Info:    Redeclaring math symbol \bracerd on input line 480.
LaTeX Font Info:    Redeclaring math symbol \bracelu on input line 481.
LaTeX Font Info:    Redeclaring math symbol \braceru on input line 482.
LaTeX Font Info:    Redeclaring math symbol \mathparagraph on input line 483.
LaTeX Font Info:    Redeclaring math symbol \mathsection on input line 484.
LaTeX Font Info:    Redeclaring math symbol \hslash on input line 511.
LaTeX Font Info:    Redeclaring math symbol \digamma on input line 512.
LaTeX Font Info:    Redeclaring math symbol \hbar on input line 544.
LaTeX Font Info:    Redeclaring math symbol \iintop on input line 623.
LaTeX Font Info:    Redeclaring math symbol \iiintop on input line 624.
LaTeX Font Info:    Redeclaring math symbol \oiintop on input line 625.
\prePbox@=\box149
\Pbox@=\box150
\LRbox@=\box151
\HATbox@=\box152
\TDbox@=\box153
\CHbox@=\box154
\ARCbox@=\box155
\preSbox@=\box156
\Sbox@=\box157
\SQcount@=\count402
\SQRTbox@=\box158
\UPROOT@=\count403
\LEFTROOT@=\count404
\limtype@=\count405
\xlfont@=\count406
\xlposition@=\count407
\xlposition@ii=\count408
\optype@=\count409
\x@count=\count410
\maxXLscripts@=\dimen360
)
(Topo.aux)
\openout1 = `Topo.aux'.

LaTeX Font Info:    Checking defaults for OML/cmm/m/it on input line 323.
LaTeX Font Info:    ... okay on input line 323.
LaTeX Font Info:    Checking defaults for OMS/cmsy/m/n on input line 323.
LaTeX Font Info:    ... okay on input line 323.
LaTeX Font Info:    Checking defaults for OT1/cmr/m/n on input line 323.
LaTeX Font Info:    ... okay on input line 323.
LaTeX Font Info:    Checking defaults for T1/cmr/m/n on input line 323.
LaTeX Font Info:    ... okay on input line 323.
LaTeX Font Info:    Checking defaults for TS1/cmr/m/n on input line 323.
LaTeX Font Info:    Trying to load font information for TS1+cmr on input line 3
23.

(C:\Users\athgi\AppData\Local\Programs\MiKTeX\tex/latex/base\ts1cmr.fd
File: ts1cmr.fd 2022/07/10 v2.5l Standard LaTeX font definitions
)
LaTeX Font Info:    ... okay on input line 323.
LaTeX Font Info:    Checking defaults for TU/lmr/m/n on input line 323.
LaTeX Font Info:    ... okay on input line 323.
LaTeX Font Info:    Checking defaults for OMX/cmex/m/n on input line 323.
LaTeX Font Info:    ... okay on input line 323.
LaTeX Font Info:    Checking defaults for U/cmr/m/n on input line 323.
LaTeX Font Info:    ... okay on input line 323.
LaTeX Font Info:    Checking defaults for PD1/pdf/m/n on input line 323.
LaTeX Font Info:    ... okay on input line 323.
LaTeX Font Info:    Checking defaults for PU/pdf/m/n on input line 323.
LaTeX Font Info:    ... okay on input line 323.
LaTeX Font Info:    Checking defaults for LMP1/mtt/m/it on input line 323.
LaTeX Font Info:    ... okay on input line 323.
LaTeX Font Info:    Checking defaults for LMP2/mtt/m/n on input line 323.
LaTeX Font Info:    ... okay on input line 323.
LaTeX Font Info:    Checking defaults for LMP3/mtt/m/n on input line 323.
LaTeX Font Info:    ... okay on input line 323.

(C:\Users\athgi\AppData\Local\Programs\MiKTeX\tex/latex/fmtcount\fc-english.def
Invalid UTF-8 byte or sequence at line 10 replaced by U+FFFD.
Invalid UTF-8 byte or sequence at line 22 replaced by U+FFFD.
File: fc-english.def 2016/01/12
)
*geometry* driver: auto-detecting
*geometry* detected driver: xetex
*geometry* verbose mode - [ preamble ] result:
* driver: xetex
* paper: b5paper
* layout: <same size as paper>
* layoutoffset:(h,v)=(0.0pt,0.0pt)
* modes: 
* h-part:(L,W,R)=(79.49744pt, 341.77362pt, 79.49744pt)
* v-part:(T,H,B)=(85.35913pt, 568.14355pt, 57.81621pt)
* \paperwidth=500.7685pt
* \paperheight=711.3189pt
* \textwidth=341.77362pt
* \textheight=568.14355pt
* \oddsidemargin=7.22745pt
* \evensidemargin=7.22745pt
* \topmargin=-18.78465pt
* \headheight=15.0pt
* \headsep=19.8738pt
* \topskip=11.0pt
* \footskip=27.46295pt
* \marginparwidth=7.0pt
* \marginparsep=7.0pt
* \columnsep=10.0pt
* \skip\footins=10.0pt plus 4.0pt minus 2.0pt
* \hoffset=0.0pt
* \voffset=0.0pt
* \mag=1000
* \@twocolumnfalse
* \@twosidefalse
* \@mparswitchfalse
* \@reversemarginfalse
* (1in=72.27pt=25.4mm, 1cm=28.453pt)

Package hyperref Info: Link coloring ON on input line 323.
(Topo.out) (Topo.out)
\@outlinefile=\write7
\openout7 = `Topo.out'.

\c@lstlisting=\count411

(C:\Users\athgi\AppData\Local\Programs\MiKTeX\tex/latex/pdflscape\pdflscape.sty
Package: pdflscape 2022-10-27 v0.13 Display of landscape pages in PDF

(C:\Users\athgi\AppData\Local\Programs\MiKTeX\tex/latex/pdflscape\pdflscape-nom
etadata.sty
Package: pdflscape-nometadata 2022-10-28 v0.13 Display of landscape pages in PD
F (HO)

(C:\Users\athgi\AppData\Local\Programs\MiKTeX\tex/latex/graphics\lscape.sty
Package: lscape 2020/05/28 v3.02 Landscape Pages (DPC)
)
Package pdflscape Info: Auto-detected driver: dvipdfm (xetex) on input line 98.

))
LaTeX Info: Command `\dddot' is already robust on input line 323.
LaTeX Info: Command `\ddddot' is already robust on input line 323.
LaTeX Font Info:    Trying to load font information for U+msa on input line 327
.

(C:\Users\athgi\AppData\Local\Programs\MiKTeX\tex/latex/amsfonts\umsa.fd
File: umsa.fd 2013/01/14 v3.01 AMS symbols A
)
LaTeX Font Info:    Trying to load font information for U+msb on input line 327
.

(C:\Users\athgi\AppData\Local\Programs\MiKTeX\tex/latex/amsfonts\umsb.fd
File: umsb.fd 2013/01/14 v3.01 AMS symbols B
)
LaTeX Font Info:    Trying to load font information for U+esint on input line 3
27.

(C:\Users\athgi\AppData\Local\Programs\MiKTeX\tex/latex/esint\uesint.fd
File: uesint.fd 
)
LaTeX Font Info:    Trying to load font information for U+rsfs on input line 32
7.

(C:\Users\athgi\AppData\Local\Programs\MiKTeX\tex/latex/jknappen\ursfs.fd
File: ursfs.fd 1998/03/24 rsfs font definition file (jk)
)
LaTeX Font Info:    Trying to load font information for U+stmry on input line 3
27.

(C:\Users\athgi\AppData\Local\Programs\MiKTeX\tex/latex/stmaryrd\ustmry.fd)
[1



]
\gnat=\skip86
 [1

] (Topo.toc)
\tf@toc=\write8
\openout8 = `Topo.toc'.

 [2

]
Chapter 1.
Package hyperref Info: bookmark level for unknown definition defaults to 0 on i
nput line 400.
(manifolddef.pdf_tex
File: manifolddef.pdf Graphic file (type pdf)
<use manifolddef.pdf, page 1>
File: manifolddef.pdf Graphic file (type pdf)
<use manifolddef.pdf, page 2>
File: manifolddef.pdf Graphic file (type pdf)
<use manifolddef.pdf, page 3>
File: manifolddef.pdf Graphic file (type pdf)
<use manifolddef.pdf, page 4>
)
Package hyperref Info: bookmark level for unknown examples defaults to 0 on inp
ut line 424.
 [1


] [2] [3]
Package hyperref Info: bookmark level for unknown assertion defaults to 0 on in
put line 473.
Package hyperref Info: bookmark level for unknown IFT defaults to 0 on input li
ne 484.
 [4] [5] [6] (submanifoldtan.pdf_tex
File: submanifoldtan.pdf Graphic file (type pdf)
<use submanifoldtan.pdf, page 1>
File: submanifoldtan.pdf Graphic file (type pdf)
<use submanifoldtan.pdf, page 2>
)
LaTeX Font Warning: Font shape `OT1/cmr/bx/n' in size <5.5> not available
(Font)              size <5> substituted on input line 589.
LaTeX Font Warning: Font shape `OML/cmm/b/it' in size <5.5> not available
(Font)              size <5> substituted on input line 589.
LaTeX Font Warning: Font shape `OMS/cmsy/b/n' in size <5.5> not available
(Font)              size <5> substituted on input line 589.
LaTeX Font Warning: Font shape `U/rsfs/m/n' in size <5.5> not available
(Font)              size <5> substituted on input line 589.
LaTeX Font Warning: Font shape `U/stmry/m/n' in size <5.5> not available
(Font)              size <5> substituted on input line 589.
 [7]
[8] (stepro.pdf_tex
File: stepro.pdf Graphic file (type pdf)
<use stepro.pdf, page 1>
File: stepro.pdf Graphic file (type pdf)
<use stepro.pdf, page 2>
) [9]
Chapter 2.
Package hyperref Info: bookmark level for unknown theorem defaults to 0 on inpu
t line 632.
Package hyperref Info: bookmark level for unknown corollary defaults to 0 on in
put line 647.
[10

]
Package hyperref Info: bookmark level for unknown lemma defaults to 0 on input 
line 653.
LaTeX Font Info:    Trying to load font information for U+euf on input line 658
.
 (C:\Users\athgi\AppData\Local\Programs\MiKTeX\tex/latex/amsfonts\ueuf.fd
File: ueuf.fd 2013/01/14 v3.01 Euler Fraktur
)
[11]
Package hyperref Info: bookmark level for unknown example defaults to 0 on inpu
t line 711.
 [12] [13] (lem6.pdf_tex
File: lem6.pdf Graphic file (type pdf)
<use lem6.pdf, page 1>
)
Package hyperref Info: bookmark level for unknown brouwer defaults to 0 on inpu
t line 773.
 [14] [15]
Chapter 3.
Package hyperref Info: bookmark level for unknown sard defaults to 0 on input l
ine 792.
Package hyperref Info: bookmark level for unknown remark defaults to 0 on input
 line 799.
[16

] (sardstep1.pdf_tex
File: sardstep1.pdf Graphic file (type pdf)
<use sardstep1.pdf, page 1>
File: sardstep1.pdf Graphic file (type pdf)
<use sardstep1.pdf, page 2>
) [17] [18] [19]
Chapter 4.

Package hyperref Warning: The anchor of a bookmark and its parent's must not
(hyperref)                be the same. Added a new anchor on input line 889.

[20

]
Package hyperref Info: bookmark level for unknown homotopylemma defaults to 0 o
n input line 919.
 (homotopylemma.pdf_tex
File: homotopylemma.pdf Graphic file (type pdf)
<use homotopylemma.pdf, page 1>
) [21]
Package hyperref Info: bookmark level for unknown homogeneitylemma defaults to 
0 on input line 950.
 (homogeneitylemma.pdf_tex
File: homogeneitylemma.pdf Graphic file (type pdf)
<use homogeneitylemma.pdf, page 1>
File: homogeneitylemma.pdf Graphic file (type pdf)
<use homogeneitylemma.pdf, page 2>
) [22] [23] [24]
[25]
Chapter 5.
Package hyperref Info: bookmark level for unknown definitions defaults to 0 on 
input line 1028.
(orient.pdf_tex
File: orient.pdf Graphic file (type pdf)
<use orient.pdf, page 1>
File: orient.pdf Graphic file (type pdf)
<use orient.pdf, page 2>
) [26

]
Package hyperref Info: bookmark level for unknown theoremn defaults to 0 on inp
ut line 1069.
 [27] (orient2.pdf_tex
File: orient2.pdf Graphic file (type pdf)
<use orient2.pdf, page 1>
LaTeX Font Warning: Command \small invalid in math mode on input line 61.
File: orient2.pdf Graphic file (type pdf)
<use orient2.pdf, page 2>
File: orient2.pdf Graphic file (type pdf)
<use orient2.pdf, page 3>
)
Overfull \hbox (1.09639pt too wide) in paragraph at lines 1105--1107
\TU/TeXGyreTermes(0)/m/n/10.95 with sum zero. Adding up over all such arcs $\LM
P1/mtt/m/it/10.95 A$\TU/TeXGyreTermes(0)/m/n/10.95 , we have proved that $[]\LM
P1/mtt/m/it/10.95 .f\LMP2/mtt/m/n/10.95 I \LMP1/mtt/m/it/10.95 y/ \LMP2/mtt/m/n
/10.95 D
 []

[28] [29] (vecfieldcirc.pdf_tex
File: vecfieldcirc.pdf Graphic file (type pdf)
<use vecfieldcirc.pdf, page 1>
) (vecfieldsph.pdf_tex
File: vecfieldsph.pdf Graphic file (type pdf)
<use vecfieldsph.pdf, page 1>
) [30] [31]
Chapter 6.
(vecfield.pdf_tex
File: vecfield.pdf Graphic file (type pdf)
<use vecfield.pdf, page 1>
)

LaTeX Warning: `h' float specifier changed to `ht'.

[32

] [33] [34]
Package hyperref Info: bookmark level for unknown poincarehopf defaults to 0 on
 input line 1271.
 (indexsum1.pdf_tex
File: indexsum1.pdf Graphic file (type pdf)
<use indexsum1.pdf, page 1>
) [35] [36] [37]
Package hyperref Info: bookmark level for unknown theoremarab defaults to 0 on 
input line 1357.
 (epsnbhd.pdf_tex
File: epsnbhd.pdf Graphic file (type pdf)
<use epsnbhd.pdf, page 1>
) [38]
[39] [40]
Chapter 7.
(pasting.pdf_tex
File: pasting.pdf Graphic file (type pdf)
<use pasting.pdf, page 1>
) [41

] (framemnfd.pdf_tex
File: framemnfd.pdf Graphic file (type pdf)
<use framemnfd.pdf, page 1>
File: framemnfd.pdf Graphic file (type pdf)
<use framemnfd.pdf, page 2>
File: framemnfd.pdf Graphic file (type pdf)
<use framemnfd.pdf, page 3>
) [42]
Overfull \hbox (5.56778pt too wide) in paragraph at lines 1503--1504
\TU/TeXGyreTermes(0)/m/n/10.95 the Pontryagin manifold $\LMP1/mtt/m/it/10.95 .f
[].y/; f[]\U/euf/m/n/10.95 v\LMP1/mtt/m/it/10.95 /$ \TU/TeXGyreTermes(0)/m/n/10
.95 is framed cobordant to $\LMP1/mtt/m/it/10.95 .f[].y/; f[]\U/euf/m/n/10.95 v
[]\LMP1/mtt/m/it/10.95 /$\TU/TeXGyreTermes(0)/m/n/10.95 . 
 []

[43] [44]
Package hyperref Info: bookmark level for unknown prodnbhd defaults to 0 on inp
ut line 1556.
 (mobius.pdf_tex
File: mobius.pdf Graphic file (type pdf)
<use mobius.pdf, page 1>
) [45] (pontryagin.pdf_tex
File: pontryagin.pdf Graphic file (type pdf)
<use pontryagin.pdf, page 1>
File: pontryagin.pdf Graphic file (type pdf)
<use pontryagin.pdf, page 2>
) [46]
Overfull \hbox (0.10587pt too wide) in paragraph at lines 1619--1620
\TU/TeXGyreTermes(0)/m/n/10.95 manifold of a map determines its homopoty class.
 Let $\LMP1/mtt/m/it/10.95 f; g\LMP2/mtt/m/n/10.95 W \LMP1/mtt/m/it/10.95 M \LM
P2/mtt/m/n/10.95 ! \U/msb/m/n/10.95 S[]$ \TU/TeXGyreTermes(0)/m/n/10.95 be smoo
th
 []

[47] [48] [49]
Package hyperref Info: bookmark level for unknown hopf defaults to 0 on input l
ine 1687.
 [50]
Chapter 8.
Package hyperref Info: bookmark level for unknown problem defaults to 0 on inpu
t line 1709.
[51

] [52] [53]
Appendix A.
[54

] (1mnfd.pdf_tex
File: 1mnfd.pdf Graphic file (type pdf)
<use 1mnfd.pdf, page 1>
File: 1mnfd.pdf Graphic file (type pdf)
<use 1mnfd.pdf, page 2>
File: 1mnfd.pdf Graphic file (type pdf)
<use 1mnfd.pdf, page 3>
) [55] [56]
Underfull \hbox (badness 1320) in paragraph at lines 1885--1886
[]\TU/TeXGyreTermes(0)/m/n/10.95 Apostol, T. M., \TU/TeXGyreTermes(0)/m/it/10.9
5 Mathematical Analysis\TU/TeXGyreTermes(0)/m/n/10.95 . Reading, Mass.: Addison
-
 []


Underfull \hbox (badness 2735) in paragraph at lines 1907--1908
[]\TU/TeXGyreTermes(0)/m/n/10.95 Hopf, H., Abbildungsklassen $\LMP1/mtt/m/it/1
0.95 n$\TU/TeXGyreTermes(0)/m/n/10.95 -dimensionaler Mannigfaltigkeiten,
 []

[57

]
Underfull \hbox (badness 4467) in paragraph at lines 1919--1920
[]\TU/TeXGyreTermes(0)/m/n/10.95 Markov, A. A., Insolubility of the problem of
 homeomorphy,
 []


Underfull \hbox (badness 2173) in paragraph at lines 1937--1938
\TU/TeXGyreTermes(0)/m/n/10.95 theory, \TU/TeXGyreTermes(0)/m/it/10.95 Amer. M
ath. Soc. Translations\TU/TeXGyreTermes(0)/m/n/10.95 , Ser. 2, II (1959), 1-114
.
 []

[58]
Underfull \hbox (badness 2050) in paragraph at lines 1945--1946
[]\TU/TeXGyreTermes(0)/m/n/10.95 Smale, S., A survey of some recent developmen
ts in differential
 []


Underfull \hbox (badness 10000) in paragraph at lines 1957--1958

 []

[59]
runsystem(makeindex Topo.idx)...executed safely (allowed).

 (Topo.ind [60


]) [61]
runsystem(makeindex symbol.idx)...executed safely (allowed).

 (symbol.ind) [62


] (Topo.aux)
LaTeX Font Warning: Size substitutions with differences
(Font)              up to 0.5pt have occurred.
Package rerunfilecheck Info: File `Topo.out' has not changed.
(rerunfilecheck)             Checksum: 7F6494B3659DCF62DC7CA86E2F30027E;3550.
 ) 
Here is how much of TeX's memory you used:
 36434 strings out of 410934
 735029 string characters out of 5799675
 1929853 words of memory out of 5000000
 56428 multiletter control sequences out of 15000+600000
 671476 words of font info for 220 fonts, out of 8000000 for 9000
 1348 hyphenation exceptions out of 8191
 83i,19n,85p,995b,1148s stack positions out of 10000i,1000n,20000p,200000b,200000s

Output written on Topo.pdf (65 pages).
